********************************************************************************
*                       Sunday, May 07, 2017 12:37:22 PM                       *
********************************************************************************
CSharpCompilerWrapper.exe version: 2.0.3.30
Platform: Windows
Target assembly: Assembly-CSharp.dll
Project directory: C:\Users\ayansumm\Documents\Purgada
Target profile directory: C:\Program Files\Unity\Editor\Data\Mono\lib\mono\unity
Unity 'Data' or 'Frameworks' directory: C:/Program Files/Unity/Editor/Data
Compiler: Microsoft C# 6.0

- Compilation -----------------------------------------------

Process: C:\Users\ayansumm\Documents\Purgada\CSharp60Support\Roslyn\csc.exe
Arguments: -nostdlib+ -noconfig -nologo -r:"C:\Program Files\Unity\Editor\Data\Mono\lib\mono\unity\mscorlib.dll" -r:"C:\Program Files\Unity\Editor\Data\Mono\lib\mono\unity\System.dll" -r:"C:\Program Files\Unity\Editor\Data\Mono\lib\mono\unity\System.Core.dll" -r:"C:\Program Files\Unity\Editor\Data\Mono\lib\mono\unity\System.Xml.dll" @Temp/UnityTempFile-3f02f9c3525cbec4c8a040b391e13905 
Exit code: 0
Elapsed time: 2.75 sec

- Compiler output (0 lines):

- Compiler errors (70 lines):
0: Assets\Zoten0110\Global\GameManager.cs(12,19): warning CS0649: Field 'GlobalGameSettings.m_disposeFailDamage' is never assigned to, and will always have its default value 0
1: Assets\Zoten0110\Main Menu\SceneManagerMainMenu.cs(12,24): warning CS0649: Field 'SceneManagerMainMenu.m_hiddenPanel' is never assigned to, and will always have its default value null
2: Assets\BetaPlayer12\Database\ItemDatabase.cs(14,28): warning CS0649: Field 'ItemDatabase.ItemEntry.m_item' is never assigned to, and will always have its default value null
3: Assets\Zoten0110\Global\CustomInput.cs(121,34): warning CS0649: Field 'CustomInput.MonoInput.m_key' is never assigned to, and will always have its default value null
4: Assets\Zoten0110\Level Run\Obstacle\Disease\Disease_Nausea.cs(12,21): warning CS0649: Field 'Disease_Nausea.m_jitterRange' is never assigned to, and will always have its default value
5: Assets\Zoten0110\Level Run\Obstacle\Disease\DiseaseHandler.cs(29,33): warning CS0649: Field 'DiseaseHandler.m_respiratory' is never assigned to, and will always have its default value null
6: Assets\Zoten0110\Level Run\Player\Tools\Grabber.cs(20,19): warning CS0649: Field 'Grabber.m_speed' is never assigned to, and will always have its default value 0
7: Assets\Zoten0110\Level Run\Obstacle\Disease\Disease_Nausea.cs(14,19): warning CS0649: Field 'Disease_Nausea.m_speed' is never assigned to, and will always have its default value 0
8: Assets\BetaPlayer12\Timer\TimerFactory.cs(19,17): warning CS0649: Field 'TimerFactory.m_maxColumn' is never assigned to, and will always have its default value 0
9: Assets\Zoten0110\Level Run\Obstacle\Disease\Disease_Respiratory.cs(14,19): warning CS0649: Field 'Disease_Respiratory.m_minBlur' is never assigned to, and will always have its default value 0
10: Assets\Zoten0110\Level Run\Player\Tools\SoilCannon.cs(15,19): warning CS0649: Field 'SoilCannon.m_force' is never assigned to, and will always have its default value 0
11: Assets\Zoten0110\Global\CustomInput.cs(32,24): warning CS0649: Field 'CustomInput.InputInterpreter.m_input' is never assigned to, and will always have its default value null
12: Assets\Zoten0110\Level Run\Obstacle\Obstacle.cs(8,25): warning CS0649: Field 'Obstacle.m_inflictDisease' is never assigned to, and will always have its default value
13: Assets\Zoten0110\Level Run\Obstacle\Disease\Disease_Tetanus.cs(8,30): warning CS0649: Field 'Disease_Tetanus.m_playerController' is never assigned to, and will always have its default value null
14: Assets\Zoten0110\Level Run\Player\Tools\Recyclaton.cs(16,24): warning CS0649: Field 'Recyclaton.m_collider' is never assigned to, and will always have its default value null
15: Assets\Zoten0110\Level Run\Player\Tools\Grabber.cs(18,19): warning CS0649: Field 'Grabber.m_maxRange' is never assigned to, and will always have its default value 0
16: Assets\Zoten0110\Level Run\Player\PlayerHealth.cs(16,19): warning CS0649: Field 'PlayerHealth.m_maxHealth' is never assigned to, and will always have its default value 0
17: Assets\Zoten0110\Level Run\Player\Tools\Grabber.cs(16,29): warning CS0649: Field 'Grabber.m_clawArm' is never assigned to, and will always have its default value null
18: Assets\BetaPlayer12\Timer\TimerFactory.cs(15,19): warning CS0649: Field 'TimerFactory.m_Xspacing' is never assigned to, and will always have its default value 0
19: Assets\Zoten0110\Global\GameManager.cs(10,19): warning CS0649: Field 'GlobalGameSettings.m_trashMissDamage' is never assigned to, and will always have its default value 0
20: Assets\Zoten0110\Level Run\Player\ToolController.cs(18,20): warning CS0649: Field 'ToolController.m_tools' is never assigned to, and will always have its default value null
21: Assets\Zoten0110\Global\Database\ObstacleDatabase.cs(12,28): warning CS0649: Field 'ObstacleDatabase.ObstacleEntry.m_obstacle' is never assigned to, and will always have its default value null
22: Assets\Zoten0110\Level Run\Platform Pattern\Platform_Generator.cs(16,23): warning CS0649: Field 'Platform_Generator.m_parent' is never assigned to, and will always have its default value null
23: Assets\Zoten0110\Level Run\Obstacle\Disease\Disease_Respiratory.cs(9,27): warning CS0649: Field 'Disease_Respiratory.m_blur' is never assigned to, and will always have its default value null
24: Assets\Zoten0110\Global\CustomInput.cs(147,34): warning CS0649: Field 'CustomInput.BinaryInput.m_positive' is never assigned to, and will always have its default value null
25: Assets\BetaPlayer12\Timer\Timer.cs(12,18): warning CS0649: Field 'Timer.m_deactivateOnly' is never assigned to, and will always have its default value false
26: Assets\BetaPlayer12\Timer\TimerViewer.cs(12,18): warning CS0649: Field 'TimerViewer.m_inverted' is never assigned to, and will always have its default value false
27: Assets\Zoten0110\Level Run\Player\Tools\Grabber.cs(25,19): warning CS0649: Field 'Grabber.m_jammedTime' is never assigned to, and will always have its default value 0
28: Assets\Zoten0110\Level Run\Obstacle\Disease\DiseaseHandler.cs(27,28): warning CS0649: Field 'DiseaseHandler.m_nausea' is never assigned to, and will always have its default value null
29: Assets\Zoten0110\Global\CustomInput.cs(197,34): warning CS0649: Field 'CustomInput.MultiInput.m_executionKey' is never assigned to, and will always have its default value null
30: Assets\Zoten0110\Utilities\SpriteStabilizer.cs(14,21): warning CS0649: Field 'SpriteStabilizer.m_screenReference' is never assigned to, and will always have its default value
31: Assets\Zoten0110\Level Run\Player\Tools\SoilCannon.cs(9,24): warning CS0649: Field 'SoilCannon.m_projectile' is never assigned to, and will always have its default value null
32: Assets\Zoten0110\Level Run\Obstacle\Disease\Disease_Tetanus.cs(10,28): warning CS0649: Field 'Disease_Tetanus.m_toolController' is never assigned to, and will always have its default value null
33: Assets\BetaPlayer12\Timer\TimerFactory.cs(17,19): warning CS0649: Field 'TimerFactory.m_Yspacing' is never assigned to, and will always have its default value 0
34: Assets\Zoten0110\Global\GameManager.cs(25,32): warning CS0649: Field 'GameManager.m_globalGameSettings' is never assigned to, and will always have its default value null
35: Assets\Zoten0110\Level Run\Obstacle\Disease\Disease_Nausea.cs(10,27): warning CS0649: Field 'Disease_Nausea.m_jitter' is never assigned to, and will always have its default value null
36: Assets\BetaPlayer12\Database\DatabaseSystem.cs(27,27): warning CS0649: Field 'DatabaseSystem.m_trashDatabase' is never assigned to, and will always have its default value null
37: Assets\Zoten0110\Level Run\Player\Tools\Recyclaton.cs(14,19): warning CS0649: Field 'Recyclaton.m_speed' is never assigned to, and will always have its default value 0
38: Assets\Zoten0110\Level Run\Player\Tools\Grabber_ClawArm.cs(8,21): warning CS0649: Field 'Grabber_ClawArm.m_grabber' is never assigned to, and will always have its default value null
39: Assets\BetaPlayer12\Database\SpriteDatabase.cs(11,24): warning CS0649: Field 'SpriteDatabase.SpriteEntry.m_sprite' is never assigned to, and will always have its default value null
40: Assets\Zoten0110\Level Run\Player\Tools\Recyclaton.cs(12,19): warning CS0649: Field 'Recyclaton.m_maxForce' is never assigned to, and will always have its default value 0
41: Assets\Zoten0110\Main Menu\SceneManagerMainMenu.cs(16,36): warning CS0649: Field 'SceneManagerMainMenu.m_backgroundSelect' is never assigned to, and will always have its default value null
42: Assets\Zoten0110\Level Run\Player\Tools\SoilCannon.cs(13,19): warning CS0649: Field 'SoilCannon.m_fireRate' is never assigned to, and will always have its default value 0
43: Assets\Zoten0110\Level Run\Obstacle\Disease\DiseaseHandler.cs(31,29): warning CS0649: Field 'DiseaseHandler.m_tetanus' is never assigned to, and will always have its default value null
44: Assets\Zoten0110\Level Run\Platform Pattern\Platform_Generator.cs(18,24): warning CS0649: Field 'Platform_Generator.m_platform' is never assigned to, and will always have its default value null
45: Assets\Zoten0110\Global\CustomInput.cs(199,36): warning CS0649: Field 'CustomInput.MultiInput.m_HoldKeys' is never assigned to, and will always have its default value null
46: Assets\Zoten0110\Global\Database\TrashDatabase.cs(15,28): warning CS0649: Field 'TrashDatabase.TrashEntry.m_type' is never assigned to, and will always have its default value
47: Assets\Zoten0110\Level Run\Player\PlayerController.cs(19,19): warning CS0649: Field 'PlayerController.m_jumpForce' is never assigned to, and will always have its default value 0
48: Assets\Zoten0110\Global\Database\ObstacleDatabase.cs(14,22): warning CS0649: Field 'ObstacleDatabase.ObstacleEntry.m_entityInstantiated' is never assigned to, and will always have its default value false
49: Assets\Zoten0110\Global\CustomInput.cs(149,34): warning CS0649: Field 'CustomInput.BinaryInput.m_negative' is never assigned to, and will always have its default value null
50: Assets\Zoten0110\Level Run\Obstacle\Disease\Disease_Respiratory.cs(12,19): warning CS0649: Field 'Disease_Respiratory.m_maxBlur' is never assigned to, and will always have its default value 0
51: Assets\Zoten0110\Global\GameManager.cs(22,23): warning CS0649: Field 'GameManager.m_systemList' is never assigned to, and will always have its default value null
52: Assets\Zoten0110\Level Run\Player\Tools\SoilCannon.cs(11,23): warning CS0649: Field 'SoilCannon.m_barrelEnd' is never assigned to, and will always have its default value null
53: Assets\Zoten0110\Level Run\Obstacle\Disease\Disease_Respiratory.cs(16,19): warning CS0649: Field 'Disease_Respiratory.m_speed' is never assigned to, and will always have its default value 0
54: Assets\BetaPlayer12\Timer\TimerFactory.cs(11,24): warning CS0649: Field 'TimerFactory.m_timerPrefab' is never assigned to, and will always have its default value null
55: Assets\BetaPlayer12\Timer\TimerFactory.cs(9,28): warning CS0649: Field 'TimerFactory.m_iconDatabase' is never assigned to, and will always have its default value null
56: Assets\Zoten0110\Level Run\Player\PlayerController.cs(15,24): warning CS0649: Field 'PlayerController.m_legCollider' is never assigned to, and will always have its default value null
57: Assets\Zoten0110\Level Run\Player\Tools\Recyclaton.cs(10,29): warning CS0649: Field 'Recyclaton.m_range' is never assigned to, and will always have its default value null
58: Assets\Zoten0110\Global\CustomInput.cs(20,26): warning CS0649: Field 'CustomInput.InputComponent.m_inputName' is never assigned to, and will always have its default value null
59: Assets\Zoten0110\Global\Cursor.cs(9,27): warning CS0649: Field 'Cursor.m_jitterScript' is never assigned to, and will always have its default value null
60: Assets\Zoten0110\Level Run\Player\Tools\PlayerTool.cs(11,20): warning CS0649: Field 'PlayerTool.m_tools' is never assigned to, and will always have its default value null
61: Assets\Zoten0110\Global\Database\TrashDatabase.cs(13,28): warning CS0649: Field 'TrashDatabase.TrashEntry.m_trash' is never assigned to, and will always have its default value null
62: Assets\Zoten0110\Main Menu\SceneManagerMainMenu.cs(14,24): warning CS0649: Field 'SceneManagerMainMenu.m_shop' is never assigned to, and will always have its default value null
63: Assets\Zoten0110\Level Run\UI\GameSummary.cs(9,24): warning CS0649: Field 'GameSummary.m_window' is never assigned to, and will always have its default value null
64: Assets\Zoten0110\Global\Database\ObstacleDatabase.cs(36,24): warning CS0414: The field 'ObstacleDatabase.m_overrideTrash' is assigned but its value is never used
65: Assets\Zoten0110\Level Run\Player\Tools\Grabber.cs(23,18): warning CS0414: The field 'Grabber.m_isJammed' is assigned but its value is never used
66: Assets\BetaPlayer12\Database\SpriteDatabase.cs(29,20): warning CS0414: The field 'SpriteDatabase.m_overrideSprite' is assigned but its value is never used
67: Assets\BetaPlayer12\Database\ItemDatabase.cs(32,24): warning CS0414: The field 'ItemDatabase.m_overrideItem' is assigned but its value is never used
68: Assets\Zoten0110\Global\Database\TrashDatabase.cs(38,24): warning CS0414: The field 'TrashDatabase.m_overrideTrash' is assigned but its value is never used
69: Assets\Zoten0110\Level Run\Player\PlayerHealth.cs(21,18): warning CS0414: The field 'PlayerHealth.m_dead' is assigned but its value is never used

- PDB to MDB conversion --------------------------------------

Process: C:\Users\ayansumm\Documents\Purgada\CSharp60Support\Roslyn\pdb2mdb.exe
Arguments: Temp\Assembly-CSharp.dll
Exit code: 0
Elapsed time: 0.13 sec

- pdb2mdb.exe output (0 lines):
********************************************************************************
*                       Sunday, May 07, 2017 12:37:25 PM                       *
********************************************************************************
CSharpCompilerWrapper.exe version: 2.0.3.30
Platform: Windows
Target assembly: Assembly-CSharp-Editor.dll
Project directory: C:\Users\ayansumm\Documents\Purgada
Target profile directory: C:\Program Files\Unity\Editor\Data\MonoBleedingEdge\lib\mono\2.0-api
Unity 'Data' or 'Frameworks' directory: C:/Program Files/Unity/Editor/Data
Compiler: Microsoft C# 6.0

- Compilation -----------------------------------------------

Process: C:\Users\ayansumm\Documents\Purgada\CSharp60Support\Roslyn\csc.exe
Arguments: -nostdlib+ -noconfig -nologo -r:"C:\Program Files\Unity\Editor\Data\MonoBleedingEdge\lib\mono\2.0-api\mscorlib.dll" -r:"C:\Program Files\Unity\Editor\Data\MonoBleedingEdge\lib\mono\2.0-api\System.dll" -r:"C:\Program Files\Unity\Editor\Data\MonoBleedingEdge\lib\mono\2.0-api\System.Core.dll" -r:"C:\Program Files\Unity\Editor\Data\MonoBleedingEdge\lib\mono\2.0-api\System.Xml.dll" @Temp/UnityTempFile-691b1a54b38a2a94b9ccec65d94511c4 
Exit code: 0
Elapsed time: 2.58 sec

- Compiler output (0 lines):

- Compiler errors (7 lines):
0: Assets\Editor\ImageEffects\BloomAndFlaresEditor.cs(80,60): warning CS0618: 'Camera.hdr' is obsolete: 'use Camera.allowHDR instead.'
1: Assets\Editor\ImageEffects\BloomEditor.cs(88,60): warning CS0618: 'Camera.hdr' is obsolete: 'use Camera.allowHDR instead.'
2: Assets\Editor\ImageEffects\TonemappingEditor.cs(45,22): warning CS0618: 'Camera.hdr' is obsolete: 'use Camera.allowHDR instead.'
3: Assets\Editor\ImageEffects\ColorCorrectionLookupEditor.cs(54,58): warning CS0618: 'TextureImporterFormat.AutomaticTruecolor' is obsolete: 'Use textureCompression property instead'
4: Assets\Editor\ImageEffects\ColorCorrectionLookupEditor.cs(54,25): warning CS0618: 'TextureImporter.textureFormat' is obsolete: 'textureFormat is not longer accessible at the TextureImporter level. For old 'simple' formats use the textureCompression property for the equivalent automatic choice (Uncompressed for TrueColor, Compressed and HQCommpressed for 16 bits). For platform specific formats use the [[PlatformTextureSettings]] API. Using this setter will setup various parameters to match the new automatic system as well possible. Getter will return the last value set.'
5: Assets\Editor\ImageEffects\ColorCorrectionLookupEditor.cs(62,25): warning CS0618: 'TextureImporter.textureFormat' is obsolete: 'textureFormat is not longer accessible at the TextureImporter level. For old 'simple' formats use the textureCompression property for the equivalent automatic choice (Uncompressed for TrueColor, Compressed and HQCommpressed for 16 bits). For platform specific formats use the [[PlatformTextureSettings]] API. Using this setter will setup various parameters to match the new automatic system as well possible. Getter will return the last value set.'
6: Assets\Editor\ImageEffects\ColorCorrectionLookupEditor.cs(62,57): warning CS0618: 'TextureImporterFormat.AutomaticTruecolor' is obsolete: 'Use textureCompression property instead'

- PDB to MDB conversion --------------------------------------

Process: C:\Users\ayansumm\Documents\Purgada\CSharp60Support\Roslyn\pdb2mdb.exe
Arguments: Temp\Assembly-CSharp-Editor.dll
Exit code: 0
Elapsed time: 0.12 sec

- pdb2mdb.exe output (0 lines):
********************************************************************************
*                       Sunday, May 07, 2017 12:37:56 PM                       *
********************************************************************************
CSharpCompilerWrapper.exe version: 2.0.3.30
Platform: Windows
Target assembly: Assembly-CSharp.dll
Project directory: C:\Users\ayansumm\Documents\Purgada
Target profile directory: C:\Program Files\Unity\Editor\Data\Mono\lib\mono\unity
Unity 'Data' or 'Frameworks' directory: C:/Program Files/Unity/Editor/Data
Compiler: Microsoft C# 6.0

- Compilation -----------------------------------------------

Process: C:\Users\ayansumm\Documents\Purgada\CSharp60Support\Roslyn\csc.exe
Arguments: -nostdlib+ -noconfig -nologo -r:"C:\Program Files\Unity\Editor\Data\Mono\lib\mono\unity\mscorlib.dll" -r:"C:\Program Files\Unity\Editor\Data\Mono\lib\mono\unity\System.dll" -r:"C:\Program Files\Unity\Editor\Data\Mono\lib\mono\unity\System.Core.dll" -r:"C:\Program Files\Unity\Editor\Data\Mono\lib\mono\unity\System.Xml.dll" @Temp/UnityTempFile-889b894d5f0063749903b81512174c20 
Exit code: 0
Elapsed time: 2.80 sec

- Compiler output (0 lines):

- Compiler errors (71 lines):
0: Assets\Zoten0110\Level Run\Player\Tools\Grabber_ClawArm.cs(8,21): warning CS0649: Field 'Grabber_ClawArm.m_grabber' is never assigned to, and will always have its default value null
1: Assets\Zoten0110\Global\Database\ObstacleDatabase.cs(14,22): warning CS0649: Field 'ObstacleDatabase.ObstacleEntry.m_entityInstantiated' is never assigned to, and will always have its default value false
2: Assets\Zoten0110\Level Run\Obstacle\Disease\Disease_Nausea.cs(12,21): warning CS0649: Field 'Disease_Nausea.m_jitterRange' is never assigned to, and will always have its default value
3: Assets\BetaPlayer12\Timer\TimerFactory.cs(19,17): warning CS0649: Field 'TimerFactory.m_maxColumn' is never assigned to, and will always have its default value 0
4: Assets\BetaPlayer12\Timer\TimerFactory.cs(17,19): warning CS0649: Field 'TimerFactory.m_Yspacing' is never assigned to, and will always have its default value 0
5: Assets\BetaPlayer12\Database\DatabaseSystem.cs(29,30): warning CS0649: Field 'DatabaseSystem.m_obstacleDatabase' is never assigned to, and will always have its default value null
6: Assets\BetaPlayer12\Database\DatabaseSystem.cs(27,27): warning CS0649: Field 'DatabaseSystem.m_trashDatabase' is never assigned to, and will always have its default value null
7: Assets\BetaPlayer12\Timer\TimerFactory.cs(15,19): warning CS0649: Field 'TimerFactory.m_Xspacing' is never assigned to, and will always have its default value 0
8: Assets\Zoten0110\Level Run\Obstacle\Disease\Disease_Tetanus.cs(8,30): warning CS0649: Field 'Disease_Tetanus.m_playerController' is never assigned to, and will always have its default value null
9: Assets\Zoten0110\Global\CustomInput.cs(121,34): warning CS0649: Field 'CustomInput.MonoInput.m_key' is never assigned to, and will always have its default value null
10: Assets\Zoten0110\Global\CustomInput.cs(197,34): warning CS0649: Field 'CustomInput.MultiInput.m_executionKey' is never assigned to, and will always have its default value null
11: Assets\Zoten0110\Level Run\Platform Pattern\Platform_Generator.cs(18,24): warning CS0649: Field 'Platform_Generator.m_platform' is never assigned to, and will always have its default value null
12: Assets\Zoten0110\Global\GameManager.cs(22,23): warning CS0649: Field 'GameManager.m_systemList' is never assigned to, and will always have its default value null
13: Assets\Zoten0110\Level Run\Obstacle\Disease\Disease_Respiratory.cs(12,19): warning CS0649: Field 'Disease_Respiratory.m_maxBlur' is never assigned to, and will always have its default value 0
14: Assets\Zoten0110\Global\CustomInput.cs(32,24): warning CS0649: Field 'CustomInput.InputInterpreter.m_input' is never assigned to, and will always have its default value null
15: Assets\Zoten0110\Main Menu\SceneManagerMainMenu.cs(16,36): warning CS0649: Field 'SceneManagerMainMenu.m_backgroundSelect' is never assigned to, and will always have its default value null
16: Assets\Zoten0110\Global\GameManager.cs(12,19): warning CS0649: Field 'GlobalGameSettings.m_disposeFailDamage' is never assigned to, and will always have its default value 0
17: Assets\Zoten0110\Level Run\Player\PlayerController.cs(19,19): warning CS0649: Field 'PlayerController.m_jumpForce' is never assigned to, and will always have its default value 0
18: Assets\Zoten0110\Global\Database\TrashDatabase.cs(13,28): warning CS0649: Field 'TrashDatabase.TrashEntry.m_trash' is never assigned to, and will always have its default value null
19: Assets\Zoten0110\Level Run\Player\Tools\SoilCannon.cs(15,19): warning CS0649: Field 'SoilCannon.m_force' is never assigned to, and will always have its default value 0
20: Assets\Zoten0110\Global\CustomInput.cs(147,34): warning CS0649: Field 'CustomInput.BinaryInput.m_positive' is never assigned to, and will always have its default value null
21: Assets\Zoten0110\Global\CustomInput.cs(199,36): warning CS0649: Field 'CustomInput.MultiInput.m_HoldKeys' is never assigned to, and will always have its default value null
22: Assets\Zoten0110\Level Run\Obstacle\Disease\Disease_Nausea.cs(14,19): warning CS0649: Field 'Disease_Nausea.m_speed' is never assigned to, and will always have its default value 0
23: Assets\BetaPlayer12\Database\SpriteDatabase.cs(11,24): warning CS0649: Field 'SpriteDatabase.SpriteEntry.m_sprite' is never assigned to, and will always have its default value null
24: Assets\Zoten0110\Level Run\Obstacle\Disease\Disease_Respiratory.cs(16,19): warning CS0649: Field 'Disease_Respiratory.m_speed' is never assigned to, and will always have its default value 0
25: Assets\Zoten0110\Level Run\Platform Pattern\Platform_Generator.cs(16,23): warning CS0649: Field 'Platform_Generator.m_parent' is never assigned to, and will always have its default value null
26: Assets\Zoten0110\Level Run\Obstacle\Obstacle.cs(8,25): warning CS0649: Field 'Obstacle.m_inflictDisease' is never assigned to, and will always have its default value
27: Assets\Zoten0110\Level Run\Player\Tools\Grabber.cs(18,19): warning CS0649: Field 'Grabber.m_maxRange' is never assigned to, and will always have its default value 0
28: Assets\Zoten0110\Global\Database\TrashDatabase.cs(15,28): warning CS0649: Field 'TrashDatabase.TrashEntry.m_type' is never assigned to, and will always have its default value
29: Assets\Zoten0110\Global\GameManager.cs(25,32): warning CS0649: Field 'GameManager.m_globalGameSettings' is never assigned to, and will always have its default value null
30: Assets\Zoten0110\Main Menu\SceneManagerMainMenu.cs(14,24): warning CS0649: Field 'SceneManagerMainMenu.m_shop' is never assigned to, and will always have its default value null
31: Assets\Zoten0110\Level Run\Player\Tools\PlayerTool.cs(11,20): warning CS0649: Field 'PlayerTool.m_tools' is never assigned to, and will always have its default value null
32: Assets\Zoten0110\Level Run\Player\Tools\SoilCannon.cs(9,24): warning CS0649: Field 'SoilCannon.m_projectile' is never assigned to, and will always have its default value null
33: Assets\Zoten0110\Level Run\Player\Tools\Grabber.cs(16,29): warning CS0649: Field 'Grabber.m_clawArm' is never assigned to, and will always have its default value null
34: Assets\Zoten0110\Level Run\Player\PlayerHealth.cs(16,19): warning CS0649: Field 'PlayerHealth.m_maxHealth' is never assigned to, and will always have its default value 0
35: Assets\Zoten0110\Level Run\Player\Tools\SoilCannon.cs(11,23): warning CS0649: Field 'SoilCannon.m_barrelEnd' is never assigned to, and will always have its default value null
36: Assets\Zoten0110\Level Run\Obstacle\Disease\Disease_Tetanus.cs(10,28): warning CS0649: Field 'Disease_Tetanus.m_toolController' is never assigned to, and will always have its default value null
37: Assets\Zoten0110\Utilities\SpriteStabilizer.cs(14,21): warning CS0649: Field 'SpriteStabilizer.m_screenReference' is never assigned to, and will always have its default value
38: Assets\Zoten0110\Global\CustomInput.cs(20,26): warning CS0649: Field 'CustomInput.InputComponent.m_inputName' is never assigned to, and will always have its default value null
39: Assets\Zoten0110\Level Run\Player\PlayerController.cs(15,24): warning CS0649: Field 'PlayerController.m_legCollider' is never assigned to, and will always have its default value null
40: Assets\Zoten0110\Level Run\Obstacle\Disease\Disease_Respiratory.cs(9,27): warning CS0649: Field 'Disease_Respiratory.m_blur' is never assigned to, and will always have its default value null
41: Assets\Zoten0110\Level Run\Player\Tools\Recyclaton.cs(14,19): warning CS0649: Field 'Recyclaton.m_speed' is never assigned to, and will always have its default value 0
42: Assets\BetaPlayer12\Timer\TimerViewer.cs(12,18): warning CS0649: Field 'TimerViewer.m_inverted' is never assigned to, and will always have its default value false
43: Assets\Zoten0110\Global\Cursor.cs(9,27): warning CS0649: Field 'Cursor.m_jitterScript' is never assigned to, and will always have its default value null
44: Assets\Zoten0110\Level Run\Player\ToolController.cs(18,20): warning CS0649: Field 'ToolController.m_tools' is never assigned to, and will always have its default value null
45: Assets\Zoten0110\Global\CustomInput.cs(149,34): warning CS0649: Field 'CustomInput.BinaryInput.m_negative' is never assigned to, and will always have its default value null
46: Assets\BetaPlayer12\Database\ItemDatabase.cs(14,28): warning CS0649: Field 'ItemDatabase.ItemEntry.m_item' is never assigned to, and will always have its default value null
47: Assets\Zoten0110\Level Run\Obstacle\Disease\Disease_Nausea.cs(10,27): warning CS0649: Field 'Disease_Nausea.m_jitter' is never assigned to, and will always have its default value null
48: Assets\Zoten0110\Level Run\Player\Tools\Grabber.cs(20,19): warning CS0649: Field 'Grabber.m_speed' is never assigned to, and will always have its default value 0
49: Assets\BetaPlayer12\Timer\TimerFactory.cs(11,24): warning CS0649: Field 'TimerFactory.m_timerPrefab' is never assigned to, and will always have its default value null
50: Assets\Zoten0110\Level Run\UI\GameSummary.cs(9,24): warning CS0649: Field 'GameSummary.m_window' is never assigned to, and will always have its default value null
51: Assets\Zoten0110\Level Run\Player\Tools\Grabber.cs(25,19): warning CS0649: Field 'Grabber.m_jammedTime' is never assigned to, and will always have its default value 0
52: Assets\Zoten0110\Global\GameManager.cs(10,19): warning CS0649: Field 'GlobalGameSettings.m_trashMissDamage' is never assigned to, and will always have its default value 0
53: Assets\BetaPlayer12\Timer\Timer.cs(12,18): warning CS0649: Field 'Timer.m_deactivateOnly' is never assigned to, and will always have its default value false
54: Assets\Zoten0110\Level Run\Obstacle\Disease\DiseaseHandler.cs(27,28): warning CS0649: Field 'DiseaseHandler.m_nausea' is never assigned to, and will always have its default value null
55: Assets\Zoten0110\Main Menu\SceneManagerMainMenu.cs(12,24): warning CS0649: Field 'SceneManagerMainMenu.m_hiddenPanel' is never assigned to, and will always have its default value null
56: Assets\Zoten0110\Level Run\Player\Tools\Recyclaton.cs(10,29): warning CS0649: Field 'Recyclaton.m_range' is never assigned to, and will always have its default value null
57: Assets\BetaPlayer12\Timer\TimerFactory.cs(9,28): warning CS0649: Field 'TimerFactory.m_iconDatabase' is never assigned to, and will always have its default value null
58: Assets\Zoten0110\Level Run\Player\Tools\SoilCannon.cs(13,19): warning CS0649: Field 'SoilCannon.m_fireRate' is never assigned to, and will always have its default value 0
59: Assets\Zoten0110\Level Run\Player\Tools\Recyclaton.cs(12,19): warning CS0649: Field 'Recyclaton.m_maxForce' is never assigned to, and will always have its default value 0
60: Assets\Zoten0110\Level Run\Obstacle\Disease\DiseaseHandler.cs(29,33): warning CS0649: Field 'DiseaseHandler.m_respiratory' is never assigned to, and will always have its default value null
61: Assets\Zoten0110\Level Run\Obstacle\Disease\Disease_Respiratory.cs(14,19): warning CS0649: Field 'Disease_Respiratory.m_minBlur' is never assigned to, and will always have its default value 0
62: Assets\Zoten0110\Global\Database\ObstacleDatabase.cs(12,28): warning CS0649: Field 'ObstacleDatabase.ObstacleEntry.m_obstacle' is never assigned to, and will always have its default value null
63: Assets\Zoten0110\Level Run\Obstacle\Disease\DiseaseHandler.cs(31,29): warning CS0649: Field 'DiseaseHandler.m_tetanus' is never assigned to, and will always have its default value null
64: Assets\Zoten0110\Level Run\Player\Tools\Recyclaton.cs(16,24): warning CS0649: Field 'Recyclaton.m_collider' is never assigned to, and will always have its default value null
65: Assets\Zoten0110\Global\Database\ObstacleDatabase.cs(36,24): warning CS0414: The field 'ObstacleDatabase.m_overrideTrash' is assigned but its value is never used
66: Assets\BetaPlayer12\Database\SpriteDatabase.cs(29,20): warning CS0414: The field 'SpriteDatabase.m_overrideSprite' is assigned but its value is never used
67: Assets\BetaPlayer12\Database\ItemDatabase.cs(32,24): warning CS0414: The field 'ItemDatabase.m_overrideItem' is assigned but its value is never used
68: Assets\Zoten0110\Level Run\Player\Tools\Grabber.cs(23,18): warning CS0414: The field 'Grabber.m_isJammed' is assigned but its value is never used
69: Assets\Zoten0110\Global\Database\TrashDatabase.cs(38,24): warning CS0414: The field 'TrashDatabase.m_overrideTrash' is assigned but its value is never used
70: Assets\Zoten0110\Level Run\Player\PlayerHealth.cs(21,18): warning CS0414: The field 'PlayerHealth.m_dead' is assigned but its value is never used

- PDB to MDB conversion --------------------------------------

Process: C:\Users\ayansumm\Documents\Purgada\CSharp60Support\Roslyn\pdb2mdb.exe
Arguments: Temp\Assembly-CSharp.dll
Exit code: 0
Elapsed time: 0.14 sec

- pdb2mdb.exe output (0 lines):
********************************************************************************
*                       Sunday, May 07, 2017 12:38:00 PM                       *
********************************************************************************
CSharpCompilerWrapper.exe version: 2.0.3.30
Platform: Windows
Target assembly: Assembly-CSharp-Editor.dll
Project directory: C:\Users\ayansumm\Documents\Purgada
Target profile directory: C:\Program Files\Unity\Editor\Data\MonoBleedingEdge\lib\mono\2.0-api
Unity 'Data' or 'Frameworks' directory: C:/Program Files/Unity/Editor/Data
Compiler: Microsoft C# 6.0

- Compilation -----------------------------------------------

Process: C:\Users\ayansumm\Documents\Purgada\CSharp60Support\Roslyn\csc.exe
Arguments: -nostdlib+ -noconfig -nologo -r:"C:\Program Files\Unity\Editor\Data\MonoBleedingEdge\lib\mono\2.0-api\mscorlib.dll" -r:"C:\Program Files\Unity\Editor\Data\MonoBleedingEdge\lib\mono\2.0-api\System.dll" -r:"C:\Program Files\Unity\Editor\Data\MonoBleedingEdge\lib\mono\2.0-api\System.Core.dll" -r:"C:\Program Files\Unity\Editor\Data\MonoBleedingEdge\lib\mono\2.0-api\System.Xml.dll" @Temp/UnityTempFile-eec07dbdf3f047a4082d6b3f2ad46f64 
Exit code: 0
Elapsed time: 2.67 sec

- Compiler output (0 lines):

- Compiler errors (7 lines):
0: Assets\Editor\ImageEffects\BloomEditor.cs(88,60): warning CS0618: 'Camera.hdr' is obsolete: 'use Camera.allowHDR instead.'
1: Assets\Editor\ImageEffects\TonemappingEditor.cs(45,22): warning CS0618: 'Camera.hdr' is obsolete: 'use Camera.allowHDR instead.'
2: Assets\Editor\ImageEffects\BloomAndFlaresEditor.cs(80,60): warning CS0618: 'Camera.hdr' is obsolete: 'use Camera.allowHDR instead.'
3: Assets\Editor\ImageEffects\ColorCorrectionLookupEditor.cs(54,58): warning CS0618: 'TextureImporterFormat.AutomaticTruecolor' is obsolete: 'Use textureCompression property instead'
4: Assets\Editor\ImageEffects\ColorCorrectionLookupEditor.cs(54,25): warning CS0618: 'TextureImporter.textureFormat' is obsolete: 'textureFormat is not longer accessible at the TextureImporter level. For old 'simple' formats use the textureCompression property for the equivalent automatic choice (Uncompressed for TrueColor, Compressed and HQCommpressed for 16 bits). For platform specific formats use the [[PlatformTextureSettings]] API. Using this setter will setup various parameters to match the new automatic system as well possible. Getter will return the last value set.'
5: Assets\Editor\ImageEffects\ColorCorrectionLookupEditor.cs(62,25): warning CS0618: 'TextureImporter.textureFormat' is obsolete: 'textureFormat is not longer accessible at the TextureImporter level. For old 'simple' formats use the textureCompression property for the equivalent automatic choice (Uncompressed for TrueColor, Compressed and HQCommpressed for 16 bits). For platform specific formats use the [[PlatformTextureSettings]] API. Using this setter will setup various parameters to match the new automatic system as well possible. Getter will return the last value set.'
6: Assets\Editor\ImageEffects\ColorCorrectionLookupEditor.cs(62,57): warning CS0618: 'TextureImporterFormat.AutomaticTruecolor' is obsolete: 'Use textureCompression property instead'

- PDB to MDB conversion --------------------------------------

Process: C:\Users\ayansumm\Documents\Purgada\CSharp60Support\Roslyn\pdb2mdb.exe
Arguments: Temp\Assembly-CSharp-Editor.dll
Exit code: 0
Elapsed time: 0.11 sec

- pdb2mdb.exe output (0 lines):
********************************************************************************
*                       Sunday, May 07, 2017 12:41:53 PM                       *
********************************************************************************
CSharpCompilerWrapper.exe version: 2.0.3.30
Platform: Windows
Target assembly: Assembly-CSharp.dll
Project directory: C:\Users\ayansumm\Documents\Purgada
Target profile directory: C:\Program Files\Unity\Editor\Data\Mono\lib\mono\unity
Unity 'Data' or 'Frameworks' directory: C:/Program Files/Unity/Editor/Data
Compiler: Microsoft C# 6.0

- Compilation -----------------------------------------------

Process: C:\Users\ayansumm\Documents\Purgada\CSharp60Support\Roslyn\csc.exe
Arguments: -nostdlib+ -noconfig -nologo -r:"C:\Program Files\Unity\Editor\Data\Mono\lib\mono\unity\mscorlib.dll" -r:"C:\Program Files\Unity\Editor\Data\Mono\lib\mono\unity\System.dll" -r:"C:\Program Files\Unity\Editor\Data\Mono\lib\mono\unity\System.Core.dll" -r:"C:\Program Files\Unity\Editor\Data\Mono\lib\mono\unity\System.Xml.dll" @Temp/UnityTempFile-9cac4e8faab61534cb46b7c0545b7767 
Exit code: 0
Elapsed time: 2.72 sec

- Compiler output (0 lines):

- Compiler errors (71 lines):
0: Assets\Zoten0110\Level Run\Player\Tools\Recyclaton.cs(14,19): warning CS0649: Field 'Recyclaton.m_speed' is never assigned to, and will always have its default value 0
1: Assets\Zoten0110\Level Run\Obstacle\Obstacle.cs(8,25): warning CS0649: Field 'Obstacle.m_inflictDisease' is never assigned to, and will always have its default value
2: Assets\BetaPlayer12\Timer\TimerFactory.cs(11,24): warning CS0649: Field 'TimerFactory.m_timerPrefab' is never assigned to, and will always have its default value null
3: Assets\Zoten0110\Level Run\Obstacle\Disease\Disease_Respiratory.cs(9,27): warning CS0649: Field 'Disease_Respiratory.m_blur' is never assigned to, and will always have its default value null
4: Assets\Zoten0110\Global\Cursor.cs(9,27): warning CS0649: Field 'Cursor.m_jitterScript' is never assigned to, and will always have its default value null
5: Assets\Zoten0110\Level Run\Player\Tools\SoilCannon.cs(9,24): warning CS0649: Field 'SoilCannon.m_projectile' is never assigned to, and will always have its default value null
6: Assets\Zoten0110\Level Run\Player\PlayerHealth.cs(16,19): warning CS0649: Field 'PlayerHealth.m_maxHealth' is never assigned to, and will always have its default value 0
7: Assets\Zoten0110\Global\GameManager.cs(22,23): warning CS0649: Field 'GameManager.m_systemList' is never assigned to, and will always have its default value null
8: Assets\BetaPlayer12\Timer\TimerViewer.cs(12,18): warning CS0649: Field 'TimerViewer.m_inverted' is never assigned to, and will always have its default value false
9: Assets\Zoten0110\Level Run\Platform Pattern\Platform_Generator.cs(16,23): warning CS0649: Field 'Platform_Generator.m_parent' is never assigned to, and will always have its default value null
10: Assets\Zoten0110\Main Menu\SceneManagerMainMenu.cs(16,36): warning CS0649: Field 'SceneManagerMainMenu.m_backgroundSelect' is never assigned to, and will always have its default value null
11: Assets\BetaPlayer12\Database\ItemDatabase.cs(14,28): warning CS0649: Field 'ItemDatabase.ItemEntry.m_item' is never assigned to, and will always have its default value null
12: Assets\Zoten0110\Level Run\Player\Tools\SoilCannon.cs(11,23): warning CS0649: Field 'SoilCannon.m_barrelEnd' is never assigned to, and will always have its default value null
13: Assets\Zoten0110\Global\GameManager.cs(12,19): warning CS0649: Field 'GlobalGameSettings.m_disposeFailDamage' is never assigned to, and will always have its default value 0
14: Assets\BetaPlayer12\Database\DatabaseSystem.cs(29,30): warning CS0649: Field 'DatabaseSystem.m_obstacleDatabase' is never assigned to, and will always have its default value null
15: Assets\Zoten0110\Level Run\Player\Tools\Grabber.cs(25,19): warning CS0649: Field 'Grabber.m_jammedTime' is never assigned to, and will always have its default value 0
16: Assets\Zoten0110\Utilities\SpriteStabilizer.cs(14,21): warning CS0649: Field 'SpriteStabilizer.m_screenReference' is never assigned to, and will always have its default value
17: Assets\Zoten0110\Level Run\Player\Tools\PlayerTool.cs(11,20): warning CS0649: Field 'PlayerTool.m_tools' is never assigned to, and will always have its default value null
18: Assets\Zoten0110\Level Run\Platform Pattern\Platform_Generator.cs(18,24): warning CS0649: Field 'Platform_Generator.m_platform' is never assigned to, and will always have its default value null
19: Assets\Zoten0110\Global\Database\TrashDatabase.cs(13,28): warning CS0649: Field 'TrashDatabase.TrashEntry.m_trash' is never assigned to, and will always have its default value null
20: Assets\Zoten0110\Level Run\Player\Tools\Grabber.cs(18,19): warning CS0649: Field 'Grabber.m_maxRange' is never assigned to, and will always have its default value 0
21: Assets\Zoten0110\Level Run\Player\Tools\Recyclaton.cs(10,29): warning CS0649: Field 'Recyclaton.m_range' is never assigned to, and will always have its default value null
22: Assets\Zoten0110\Level Run\Obstacle\Disease\Disease_Respiratory.cs(14,19): warning CS0649: Field 'Disease_Respiratory.m_minBlur' is never assigned to, and will always have its default value 0
23: Assets\Zoten0110\Level Run\Player\Tools\Recyclaton.cs(12,19): warning CS0649: Field 'Recyclaton.m_maxForce' is never assigned to, and will always have its default value 0
24: Assets\BetaPlayer12\Database\DatabaseSystem.cs(27,27): warning CS0649: Field 'DatabaseSystem.m_trashDatabase' is never assigned to, and will always have its default value null
25: Assets\BetaPlayer12\Timer\TimerFactory.cs(19,17): warning CS0649: Field 'TimerFactory.m_maxColumn' is never assigned to, and will always have its default value 0
26: Assets\Zoten0110\Main Menu\SceneManagerMainMenu.cs(14,24): warning CS0649: Field 'SceneManagerMainMenu.m_shop' is never assigned to, and will always have its default value null
27: Assets\BetaPlayer12\Timer\TimerFactory.cs(9,28): warning CS0649: Field 'TimerFactory.m_iconDatabase' is never assigned to, and will always have its default value null
28: Assets\Zoten0110\Global\Database\ObstacleDatabase.cs(14,22): warning CS0649: Field 'ObstacleDatabase.ObstacleEntry.m_entityInstantiated' is never assigned to, and will always have its default value false
29: Assets\Zoten0110\Global\CustomInput.cs(149,34): warning CS0649: Field 'CustomInput.BinaryInput.m_negative' is never assigned to, and will always have its default value null
30: Assets\Zoten0110\Level Run\Obstacle\Disease\DiseaseHandler.cs(29,33): warning CS0649: Field 'DiseaseHandler.m_respiratory' is never assigned to, and will always have its default value null
31: Assets\BetaPlayer12\Timer\Timer.cs(12,18): warning CS0649: Field 'Timer.m_deactivateOnly' is never assigned to, and will always have its default value false
32: Assets\Zoten0110\Level Run\Player\Tools\Grabber.cs(16,29): warning CS0649: Field 'Grabber.m_clawArm' is never assigned to, and will always have its default value null
33: Assets\Zoten0110\Global\CustomInput.cs(20,26): warning CS0649: Field 'CustomInput.InputComponent.m_inputName' is never assigned to, and will always have its default value null
34: Assets\BetaPlayer12\Timer\TimerFactory.cs(15,19): warning CS0649: Field 'TimerFactory.m_Xspacing' is never assigned to, and will always have its default value 0
35: Assets\Zoten0110\Global\GameManager.cs(10,19): warning CS0649: Field 'GlobalGameSettings.m_trashMissDamage' is never assigned to, and will always have its default value 0
36: Assets\Zoten0110\Level Run\Obstacle\Disease\Disease_Nausea.cs(14,19): warning CS0649: Field 'Disease_Nausea.m_speed' is never assigned to, and will always have its default value 0
37: Assets\Zoten0110\Level Run\UI\GameSummary.cs(9,24): warning CS0649: Field 'GameSummary.m_window' is never assigned to, and will always have its default value null
38: Assets\Zoten0110\Level Run\Obstacle\Disease\Disease_Tetanus.cs(8,30): warning CS0649: Field 'Disease_Tetanus.m_playerController' is never assigned to, and will always have its default value null
39: Assets\Zoten0110\Level Run\Player\ToolController.cs(18,20): warning CS0649: Field 'ToolController.m_tools' is never assigned to, and will always have its default value null
40: Assets\Zoten0110\Level Run\Player\Tools\SoilCannon.cs(13,19): warning CS0649: Field 'SoilCannon.m_fireRate' is never assigned to, and will always have its default value 0
41: Assets\Zoten0110\Level Run\Obstacle\Disease\Disease_Nausea.cs(12,21): warning CS0649: Field 'Disease_Nausea.m_jitterRange' is never assigned to, and will always have its default value
42: Assets\BetaPlayer12\Timer\TimerFactory.cs(17,19): warning CS0649: Field 'TimerFactory.m_Yspacing' is never assigned to, and will always have its default value 0
43: Assets\Zoten0110\Level Run\Player\PlayerController.cs(19,19): warning CS0649: Field 'PlayerController.m_jumpForce' is never assigned to, and will always have its default value 0
44: Assets\Zoten0110\Global\GameManager.cs(25,32): warning CS0649: Field 'GameManager.m_globalGameSettings' is never assigned to, and will always have its default value null
45: Assets\Zoten0110\Global\CustomInput.cs(121,34): warning CS0649: Field 'CustomInput.MonoInput.m_key' is never assigned to, and will always have its default value null
46: Assets\Zoten0110\Level Run\Player\Tools\SoilCannon.cs(15,19): warning CS0649: Field 'SoilCannon.m_force' is never assigned to, and will always have its default value 0
47: Assets\Zoten0110\Global\CustomInput.cs(147,34): warning CS0649: Field 'CustomInput.BinaryInput.m_positive' is never assigned to, and will always have its default value null
48: Assets\Zoten0110\Main Menu\SceneManagerMainMenu.cs(12,24): warning CS0649: Field 'SceneManagerMainMenu.m_hiddenPanel' is never assigned to, and will always have its default value null
49: Assets\Zoten0110\Global\CustomInput.cs(199,36): warning CS0649: Field 'CustomInput.MultiInput.m_HoldKeys' is never assigned to, and will always have its default value null
50: Assets\Zoten0110\Level Run\Obstacle\Disease\Disease_Tetanus.cs(10,28): warning CS0649: Field 'Disease_Tetanus.m_toolController' is never assigned to, and will always have its default value null
51: Assets\Zoten0110\Level Run\Obstacle\Disease\DiseaseHandler.cs(27,28): warning CS0649: Field 'DiseaseHandler.m_nausea' is never assigned to, and will always have its default value null
52: Assets\Zoten0110\Global\CustomInput.cs(197,34): warning CS0649: Field 'CustomInput.MultiInput.m_executionKey' is never assigned to, and will always have its default value null
53: Assets\Zoten0110\Global\Database\TrashDatabase.cs(15,28): warning CS0649: Field 'TrashDatabase.TrashEntry.m_type' is never assigned to, and will always have its default value
54: Assets\Zoten0110\Global\CustomInput.cs(32,24): warning CS0649: Field 'CustomInput.InputInterpreter.m_input' is never assigned to, and will always have its default value null
55: Assets\Zoten0110\Level Run\Obstacle\Disease\Disease_Nausea.cs(10,27): warning CS0649: Field 'Disease_Nausea.m_jitter' is never assigned to, and will always have its default value null
56: Assets\Zoten0110\Level Run\Player\Tools\Grabber_ClawArm.cs(8,21): warning CS0649: Field 'Grabber_ClawArm.m_grabber' is never assigned to, and will always have its default value null
57: Assets\Zoten0110\Level Run\Player\Tools\Grabber.cs(20,19): warning CS0649: Field 'Grabber.m_speed' is never assigned to, and will always have its default value 0
58: Assets\Zoten0110\Level Run\Obstacle\Disease\Disease_Respiratory.cs(12,19): warning CS0649: Field 'Disease_Respiratory.m_maxBlur' is never assigned to, and will always have its default value 0
59: Assets\Zoten0110\Level Run\Player\Tools\Recyclaton.cs(16,24): warning CS0649: Field 'Recyclaton.m_collider' is never assigned to, and will always have its default value null
60: Assets\Zoten0110\Level Run\Player\PlayerController.cs(15,24): warning CS0649: Field 'PlayerController.m_legCollider' is never assigned to, and will always have its default value null
61: Assets\Zoten0110\Level Run\Obstacle\Disease\Disease_Respiratory.cs(16,19): warning CS0649: Field 'Disease_Respiratory.m_speed' is never assigned to, and will always have its default value 0
62: Assets\BetaPlayer12\Database\SpriteDatabase.cs(11,24): warning CS0649: Field 'SpriteDatabase.SpriteEntry.m_sprite' is never assigned to, and will always have its default value null
63: Assets\Zoten0110\Global\Database\ObstacleDatabase.cs(12,28): warning CS0649: Field 'ObstacleDatabase.ObstacleEntry.m_obstacle' is never assigned to, and will always have its default value null
64: Assets\Zoten0110\Level Run\Obstacle\Disease\DiseaseHandler.cs(31,29): warning CS0649: Field 'DiseaseHandler.m_tetanus' is never assigned to, and will always have its default value null
65: Assets\Zoten0110\Global\Database\TrashDatabase.cs(38,24): warning CS0414: The field 'TrashDatabase.m_overrideTrash' is assigned but its value is never used
66: Assets\BetaPlayer12\Database\SpriteDatabase.cs(29,20): warning CS0414: The field 'SpriteDatabase.m_overrideSprite' is assigned but its value is never used
67: Assets\Zoten0110\Global\Database\ObstacleDatabase.cs(36,24): warning CS0414: The field 'ObstacleDatabase.m_overrideTrash' is assigned but its value is never used
68: Assets\Zoten0110\Level Run\Player\Tools\Grabber.cs(23,18): warning CS0414: The field 'Grabber.m_isJammed' is assigned but its value is never used
69: Assets\Zoten0110\Level Run\Player\PlayerHealth.cs(21,18): warning CS0414: The field 'PlayerHealth.m_dead' is assigned but its value is never used
70: Assets\BetaPlayer12\Database\ItemDatabase.cs(32,24): warning CS0414: The field 'ItemDatabase.m_overrideItem' is assigned but its value is never used

- PDB to MDB conversion --------------------------------------

Process: C:\Users\ayansumm\Documents\Purgada\CSharp60Support\Roslyn\pdb2mdb.exe
Arguments: Temp\Assembly-CSharp.dll
Exit code: 0
Elapsed time: 0.14 sec

- pdb2mdb.exe output (0 lines):
********************************************************************************
*                       Sunday, May 07, 2017 12:41:56 PM                       *
********************************************************************************
CSharpCompilerWrapper.exe version: 2.0.3.30
Platform: Windows
Target assembly: Assembly-CSharp-Editor.dll
Project directory: C:\Users\ayansumm\Documents\Purgada
Target profile directory: C:\Program Files\Unity\Editor\Data\MonoBleedingEdge\lib\mono\2.0-api
Unity 'Data' or 'Frameworks' directory: C:/Program Files/Unity/Editor/Data
Compiler: Microsoft C# 6.0

- Compilation -----------------------------------------------

Process: C:\Users\ayansumm\Documents\Purgada\CSharp60Support\Roslyn\csc.exe
Arguments: -nostdlib+ -noconfig -nologo -r:"C:\Program Files\Unity\Editor\Data\MonoBleedingEdge\lib\mono\2.0-api\mscorlib.dll" -r:"C:\Program Files\Unity\Editor\Data\MonoBleedingEdge\lib\mono\2.0-api\System.dll" -r:"C:\Program Files\Unity\Editor\Data\MonoBleedingEdge\lib\mono\2.0-api\System.Core.dll" -r:"C:\Program Files\Unity\Editor\Data\MonoBleedingEdge\lib\mono\2.0-api\System.Xml.dll" @Temp/UnityTempFile-656f661c7548f404da89c409d36ae263 
Exit code: 0
Elapsed time: 2.63 sec

- Compiler output (0 lines):

- Compiler errors (7 lines):
0: Assets\Editor\ImageEffects\BloomEditor.cs(88,60): warning CS0618: 'Camera.hdr' is obsolete: 'use Camera.allowHDR instead.'
1: Assets\Editor\ImageEffects\TonemappingEditor.cs(45,22): warning CS0618: 'Camera.hdr' is obsolete: 'use Camera.allowHDR instead.'
2: Assets\Editor\ImageEffects\BloomAndFlaresEditor.cs(80,60): warning CS0618: 'Camera.hdr' is obsolete: 'use Camera.allowHDR instead.'
3: Assets\Editor\ImageEffects\ColorCorrectionLookupEditor.cs(54,58): warning CS0618: 'TextureImporterFormat.AutomaticTruecolor' is obsolete: 'Use textureCompression property instead'
4: Assets\Editor\ImageEffects\ColorCorrectionLookupEditor.cs(54,25): warning CS0618: 'TextureImporter.textureFormat' is obsolete: 'textureFormat is not longer accessible at the TextureImporter level. For old 'simple' formats use the textureCompression property for the equivalent automatic choice (Uncompressed for TrueColor, Compressed and HQCommpressed for 16 bits). For platform specific formats use the [[PlatformTextureSettings]] API. Using this setter will setup various parameters to match the new automatic system as well possible. Getter will return the last value set.'
5: Assets\Editor\ImageEffects\ColorCorrectionLookupEditor.cs(62,25): warning CS0618: 'TextureImporter.textureFormat' is obsolete: 'textureFormat is not longer accessible at the TextureImporter level. For old 'simple' formats use the textureCompression property for the equivalent automatic choice (Uncompressed for TrueColor, Compressed and HQCommpressed for 16 bits). For platform specific formats use the [[PlatformTextureSettings]] API. Using this setter will setup various parameters to match the new automatic system as well possible. Getter will return the last value set.'
6: Assets\Editor\ImageEffects\ColorCorrectionLookupEditor.cs(62,57): warning CS0618: 'TextureImporterFormat.AutomaticTruecolor' is obsolete: 'Use textureCompression property instead'

- PDB to MDB conversion --------------------------------------

Process: C:\Users\ayansumm\Documents\Purgada\CSharp60Support\Roslyn\pdb2mdb.exe
Arguments: Temp\Assembly-CSharp-Editor.dll
Exit code: 0
Elapsed time: 0.15 sec

- pdb2mdb.exe output (0 lines):
********************************************************************************
*                       Sunday, May 07, 2017 12:42:27 PM                       *
********************************************************************************
CSharpCompilerWrapper.exe version: 2.0.3.30
Platform: Windows
Target assembly: Assembly-CSharp-Editor.dll
Project directory: C:\Users\ayansumm\Documents\Purgada
Target profile directory: C:\Program Files\Unity\Editor\Data\MonoBleedingEdge\lib\mono\2.0-api
Unity 'Data' or 'Frameworks' directory: C:/Program Files/Unity/Editor/Data
Compiler: Microsoft C# 6.0

- Compilation -----------------------------------------------

Process: C:\Users\ayansumm\Documents\Purgada\CSharp60Support\Roslyn\csc.exe
Arguments: -nostdlib+ -noconfig -nologo -r:"C:\Program Files\Unity\Editor\Data\MonoBleedingEdge\lib\mono\2.0-api\mscorlib.dll" -r:"C:\Program Files\Unity\Editor\Data\MonoBleedingEdge\lib\mono\2.0-api\System.dll" -r:"C:\Program Files\Unity\Editor\Data\MonoBleedingEdge\lib\mono\2.0-api\System.Core.dll" -r:"C:\Program Files\Unity\Editor\Data\MonoBleedingEdge\lib\mono\2.0-api\System.Xml.dll" @Temp/UnityTempFile-bee3811469c0b6f4fb4197424c316de4 
Exit code: 0
Elapsed time: 2.49 sec

- Compiler output (0 lines):

- Compiler errors (7 lines):
0: Assets\Editor\ImageEffects\BloomEditor.cs(88,60): warning CS0618: 'Camera.hdr' is obsolete: 'use Camera.allowHDR instead.'
1: Assets\Editor\ImageEffects\BloomAndFlaresEditor.cs(80,60): warning CS0618: 'Camera.hdr' is obsolete: 'use Camera.allowHDR instead.'
2: Assets\Editor\ImageEffects\TonemappingEditor.cs(45,22): warning CS0618: 'Camera.hdr' is obsolete: 'use Camera.allowHDR instead.'
3: Assets\Editor\ImageEffects\ColorCorrectionLookupEditor.cs(54,58): warning CS0618: 'TextureImporterFormat.AutomaticTruecolor' is obsolete: 'Use textureCompression property instead'
4: Assets\Editor\ImageEffects\ColorCorrectionLookupEditor.cs(54,25): warning CS0618: 'TextureImporter.textureFormat' is obsolete: 'textureFormat is not longer accessible at the TextureImporter level. For old 'simple' formats use the textureCompression property for the equivalent automatic choice (Uncompressed for TrueColor, Compressed and HQCommpressed for 16 bits). For platform specific formats use the [[PlatformTextureSettings]] API. Using this setter will setup various parameters to match the new automatic system as well possible. Getter will return the last value set.'
5: Assets\Editor\ImageEffects\ColorCorrectionLookupEditor.cs(62,25): warning CS0618: 'TextureImporter.textureFormat' is obsolete: 'textureFormat is not longer accessible at the TextureImporter level. For old 'simple' formats use the textureCompression property for the equivalent automatic choice (Uncompressed for TrueColor, Compressed and HQCommpressed for 16 bits). For platform specific formats use the [[PlatformTextureSettings]] API. Using this setter will setup various parameters to match the new automatic system as well possible. Getter will return the last value set.'
6: Assets\Editor\ImageEffects\ColorCorrectionLookupEditor.cs(62,57): warning CS0618: 'TextureImporterFormat.AutomaticTruecolor' is obsolete: 'Use textureCompression property instead'

- PDB to MDB conversion --------------------------------------

Process: C:\Users\ayansumm\Documents\Purgada\CSharp60Support\Roslyn\pdb2mdb.exe
Arguments: Temp\Assembly-CSharp-Editor.dll
Exit code: 0
Elapsed time: 0.11 sec

- pdb2mdb.exe output (0 lines):
********************************************************************************
*                       Sunday, May 07, 2017 12:42:54 PM                       *
********************************************************************************
CSharpCompilerWrapper.exe version: 2.0.3.30
Platform: Windows
Target assembly: Assembly-CSharp-Editor.dll
Project directory: C:\Users\ayansumm\Documents\Purgada
Target profile directory: C:\Program Files\Unity\Editor\Data\MonoBleedingEdge\lib\mono\2.0-api
Unity 'Data' or 'Frameworks' directory: C:/Program Files/Unity/Editor/Data
Compiler: Microsoft C# 6.0

- Compilation -----------------------------------------------

Process: C:\Users\ayansumm\Documents\Purgada\CSharp60Support\Roslyn\csc.exe
Arguments: -nostdlib+ -noconfig -nologo -r:"C:\Program Files\Unity\Editor\Data\MonoBleedingEdge\lib\mono\2.0-api\mscorlib.dll" -r:"C:\Program Files\Unity\Editor\Data\MonoBleedingEdge\lib\mono\2.0-api\System.dll" -r:"C:\Program Files\Unity\Editor\Data\MonoBleedingEdge\lib\mono\2.0-api\System.Core.dll" -r:"C:\Program Files\Unity\Editor\Data\MonoBleedingEdge\lib\mono\2.0-api\System.Xml.dll" @Temp/UnityTempFile-1bdd9c80d286ce14682af529e37ba9b9 
Exit code: 1
Elapsed time: 1.58 sec

- Compiler output (0 lines):

- Compiler errors (11 lines):
0: Assets\Zoten0110\Global\Database\Editor\ObstacleDatabase_Editor.cs(10,61): error CS0246: The type or namespace name 'SerializedProperty' could not be found (are you missing a using directive or an assembly reference?)
1: Assets\Zoten0110\Global\Database\Editor\ObstacleDatabase_Editor.cs(38,52): error CS0246: The type or namespace name 'SerializedProperty' could not be found (are you missing a using directive or an assembly reference?)
2: Assets\Zoten0110\Global\Database\Editor\ObstacleDatabase_Editor.cs(47,53): error CS0246: The type or namespace name 'SerializedProperty' could not be found (are you missing a using directive or an assembly reference?)
3: Assets\Zoten0110\Global\Database\Editor\ObstacleDatabase_Editor.cs(10,29): error CS0115: 'ObstacleDatabase_Editor.DisplayAdditionalFoldoutDetails(SerializedProperty)': no suitable method found to override
4: Assets\Zoten0110\Global\Database\Editor\ObstacleDatabase_Editor.cs(38,29): error CS0115: 'ObstacleDatabase_Editor.OverrideEditableValues(SerializedProperty)': no suitable method found to override
5: Assets\Zoten0110\Global\Database\Editor\ObstacleDatabase_Editor.cs(47,29): error CS0115: 'ObstacleDatabase_Editor.SaveAdditionalEntryInfo(SerializedProperty)': no suitable method found to override
6: Assets\Zoten0110\Global\Database\Editor\ObstacleDatabase_Editor.cs(5,14): error CS0534: 'ObstacleDatabase_Editor' does not implement inherited abstract member 'IDatabase_Editor.DisplayAdditionalFoldoutDetails(SerializedProperty)'
7: Assets\Zoten0110\Global\Database\Editor\ObstacleDatabase_Editor.cs(5,14): error CS0534: 'ObstacleDatabase_Editor' does not implement inherited abstract member 'IDatabase_Editor.SaveAdditionalEntryInfo(SerializedProperty)'
8: Assets\Zoten0110\Global\Database\Editor\ObstacleDatabase_Editor.cs(5,14): error CS0534: 'ObstacleDatabase_Editor' does not implement inherited abstract member 'IDatabase_Editor.OverrideEditableValues(SerializedProperty)'
9: Assets\Zoten0110\Global\Database\Editor\ObstacleDatabase_Editor.cs(7,13): error CS0246: The type or namespace name 'SerializedProperty' could not be found (are you missing a using directive or an assembly reference?)
10: Assets\Zoten0110\Global\Database\Editor\ObstacleDatabase_Editor.cs(8,13): error CS0246: The type or namespace name 'SerializedProperty' could not be found (are you missing a using directive or an assembly reference?)
********************************************************************************
*                       Sunday, May 07, 2017 12:46:54 PM                       *
********************************************************************************
CSharpCompilerWrapper.exe version: 2.0.3.30
Platform: Windows
Target assembly: Assembly-CSharp.dll
Project directory: C:\Users\ayansumm\Documents\Purgada
Target profile directory: C:\Program Files\Unity\Editor\Data\Mono\lib\mono\unity
Unity 'Data' or 'Frameworks' directory: C:/Program Files/Unity/Editor/Data
Compiler: Microsoft C# 6.0

- Compilation -----------------------------------------------

Process: C:\Users\ayansumm\Documents\Purgada\CSharp60Support\Roslyn\csc.exe
Arguments: -nostdlib+ -noconfig -nologo -r:"C:\Program Files\Unity\Editor\Data\Mono\lib\mono\unity\mscorlib.dll" -r:"C:\Program Files\Unity\Editor\Data\Mono\lib\mono\unity\System.dll" -r:"C:\Program Files\Unity\Editor\Data\Mono\lib\mono\unity\System.Core.dll" -r:"C:\Program Files\Unity\Editor\Data\Mono\lib\mono\unity\System.Xml.dll" @Temp/UnityTempFile-930e373f0c7f4874f8a8091d3995ccb3 
Exit code: 0
Elapsed time: 2.72 sec

- Compiler output (0 lines):

- Compiler errors (72 lines):
0: Assets\Zoten0110\Global\Database\ObstacleDatabase.cs(12,28): warning CS0649: Field 'ObstacleDatabase.ObstacleEntry.m_obstacle' is never assigned to, and will always have its default value null
1: Assets\BetaPlayer12\Timer\TimerFactory.cs(17,19): warning CS0649: Field 'TimerFactory.m_Yspacing' is never assigned to, and will always have its default value 0
2: Assets\Zoten0110\Level Run\UI\GameSummary.cs(9,24): warning CS0649: Field 'GameSummary.m_window' is never assigned to, and will always have its default value null
3: Assets\Zoten0110\Level Run\Player\Tools\Recyclaton.cs(14,19): warning CS0649: Field 'Recyclaton.m_speed' is never assigned to, and will always have its default value 0
4: Assets\Zoten0110\Level Run\Obstacle\Disease\DiseaseHandler.cs(29,33): warning CS0649: Field 'DiseaseHandler.m_respiratory' is never assigned to, and will always have its default value null
5: Assets\Zoten0110\Level Run\Platform Pattern\Platform_Generator.cs(18,24): warning CS0649: Field 'Platform_Generator.m_platform' is never assigned to, and will always have its default value null
6: Assets\Zoten0110\Level Run\Player\Tools\SoilCannon.cs(15,19): warning CS0649: Field 'SoilCannon.m_force' is never assigned to, and will always have its default value 0
7: Assets\Zoten0110\Level Run\Obstacle\Disease\DiseaseHandler.cs(31,29): warning CS0649: Field 'DiseaseHandler.m_tetanus' is never assigned to, and will always have its default value null
8: Assets\Zoten0110\Global\CustomInput.cs(121,34): warning CS0649: Field 'CustomInput.MonoInput.m_key' is never assigned to, and will always have its default value null
9: Assets\Zoten0110\Level Run\Obstacle\Disease\Disease_Nausea.cs(12,21): warning CS0649: Field 'Disease_Nausea.m_jitterRange' is never assigned to, and will always have its default value
10: Assets\Zoten0110\Global\GameManager.cs(25,32): warning CS0649: Field 'GameManager.m_globalGameSettings' is never assigned to, and will always have its default value null
11: Assets\Zoten0110\Level Run\Player\Tools\PlayerTool.cs(11,20): warning CS0649: Field 'PlayerTool.m_tools' is never assigned to, and will always have its default value null
12: Assets\Zoten0110\Utilities\SpriteStabilizer.cs(14,21): warning CS0649: Field 'SpriteStabilizer.m_screenReference' is never assigned to, and will always have its default value
13: Assets\Zoten0110\Level Run\Player\PlayerHealth.cs(16,19): warning CS0649: Field 'PlayerHealth.m_maxHealth' is never assigned to, and will always have its default value 0
14: Assets\Zoten0110\Level Run\Player\Tools\Grabber_ClawArm.cs(8,21): warning CS0649: Field 'Grabber_ClawArm.m_grabber' is never assigned to, and will always have its default value null
15: Assets\BetaPlayer12\Timer\TimerFactory.cs(9,28): warning CS0649: Field 'TimerFactory.m_iconDatabase' is never assigned to, and will always have its default value null
16: Assets\Zoten0110\Global\GameManager.cs(12,19): warning CS0649: Field 'GlobalGameSettings.m_disposeFailDamage' is never assigned to, and will always have its default value 0
17: Assets\BetaPlayer12\Database\DatabaseSystem.cs(27,27): warning CS0649: Field 'DatabaseSystem.m_trashDatabase' is never assigned to, and will always have its default value null
18: Assets\Zoten0110\Main Menu\SceneManagerMainMenu.cs(12,24): warning CS0649: Field 'SceneManagerMainMenu.m_hiddenPanel' is never assigned to, and will always have its default value null
19: Assets\Zoten0110\Level Run\Obstacle\Obstacle.cs(8,25): warning CS0649: Field 'Obstacle.m_inflictDisease' is never assigned to, and will always have its default value
20: Assets\Zoten0110\Level Run\Player\Tools\Recyclaton.cs(12,19): warning CS0649: Field 'Recyclaton.m_maxForce' is never assigned to, and will always have its default value 0
21: Assets\Zoten0110\Level Run\Player\Tools\SoilCannon.cs(9,24): warning CS0649: Field 'SoilCannon.m_projectile' is never assigned to, and will always have its default value null
22: Assets\Zoten0110\Main Menu\SceneManagerMainMenu.cs(14,24): warning CS0649: Field 'SceneManagerMainMenu.m_shop' is never assigned to, and will always have its default value null
23: Assets\Zoten0110\Level Run\Player\Tools\Grabber.cs(20,19): warning CS0649: Field 'Grabber.m_speed' is never assigned to, and will always have its default value 0
24: Assets\Zoten0110\Level Run\Obstacle\Disease\DiseaseHandler.cs(27,28): warning CS0649: Field 'DiseaseHandler.m_nausea' is never assigned to, and will always have its default value null
25: Assets\Zoten0110\Level Run\Obstacle\Disease\Disease_Respiratory.cs(14,19): warning CS0649: Field 'Disease_Respiratory.m_minBlur' is never assigned to, and will always have its default value 0
26: Assets\Zoten0110\Level Run\Player\ToolController.cs(18,20): warning CS0649: Field 'ToolController.m_tools' is never assigned to, and will always have its default value null
27: Assets\Zoten0110\Global\CustomInput.cs(20,26): warning CS0649: Field 'CustomInput.InputComponent.m_inputName' is never assigned to, and will always have its default value null
28: Assets\BetaPlayer12\Timer\TimerFactory.cs(19,17): warning CS0649: Field 'TimerFactory.m_maxColumn' is never assigned to, and will always have its default value 0
29: Assets\BetaPlayer12\Timer\TimerViewer.cs(12,18): warning CS0649: Field 'TimerViewer.m_inverted' is never assigned to, and will always have its default value false
30: Assets\BetaPlayer12\Timer\TimerFactory.cs(11,24): warning CS0649: Field 'TimerFactory.m_timerPrefab' is never assigned to, and will always have its default value null
31: Assets\Zoten0110\Level Run\Obstacle\Disease\Disease_Nausea.cs(10,27): warning CS0649: Field 'Disease_Nausea.m_jitter' is never assigned to, and will always have its default value null
32: Assets\Zoten0110\Global\CustomInput.cs(32,24): warning CS0649: Field 'CustomInput.InputInterpreter.m_input' is never assigned to, and will always have its default value null
33: Assets\Zoten0110\Global\GameManager.cs(10,19): warning CS0649: Field 'GlobalGameSettings.m_trashMissDamage' is never assigned to, and will always have its default value 0
34: Assets\Zoten0110\Level Run\Player\Tools\Grabber.cs(25,19): warning CS0649: Field 'Grabber.m_jammedTime' is never assigned to, and will always have its default value 0
35: Assets\Zoten0110\Global\Database\ObstacleDatabase.cs(14,22): warning CS0649: Field 'ObstacleDatabase.ObstacleEntry.m_entityInstantiated' is never assigned to, and will always have its default value false
36: Assets\Zoten0110\Level Run\Player\Tools\Recyclaton.cs(10,29): warning CS0649: Field 'Recyclaton.m_range' is never assigned to, and will always have its default value null
37: Assets\Zoten0110\Level Run\Player\Tools\SoilCannon.cs(11,23): warning CS0649: Field 'SoilCannon.m_barrelEnd' is never assigned to, and will always have its default value null
38: Assets\BetaPlayer12\Timer\Timer.cs(12,18): warning CS0649: Field 'Timer.m_deactivateOnly' is never assigned to, and will always have its default value false
39: Assets\Zoten0110\Global\GameManager.cs(22,23): warning CS0649: Field 'GameManager.m_systemList' is never assigned to, and will always have its default value null
40: Assets\Zoten0110\Level Run\Player\Tools\Grabber.cs(16,29): warning CS0649: Field 'Grabber.m_clawArm' is never assigned to, and will always have its default value null
41: Assets\Zoten0110\Main Menu\SceneManagerMainMenu.cs(16,36): warning CS0649: Field 'SceneManagerMainMenu.m_backgroundSelect' is never assigned to, and will always have its default value null
42: Assets\Zoten0110\Level Run\Obstacle\Disease\Disease_Respiratory.cs(16,19): warning CS0649: Field 'Disease_Respiratory.m_speed' is never assigned to, and will always have its default value 0
43: Assets\Zoten0110\Global\Database\TrashDatabase.cs(15,28): warning CS0649: Field 'TrashDatabase.TrashEntry.m_type' is never assigned to, and will always have its default value
44: Assets\BetaPlayer12\Timer\TimerFactory.cs(15,19): warning CS0649: Field 'TimerFactory.m_Xspacing' is never assigned to, and will always have its default value 0
45: Assets\Zoten0110\Level Run\Player\PlayerController.cs(15,24): warning CS0649: Field 'PlayerController.m_legCollider' is never assigned to, and will always have its default value null
46: Assets\Zoten0110\Global\Cursor.cs(9,27): warning CS0649: Field 'Cursor.m_jitterScript' is never assigned to, and will always have its default value null
47: Assets\Zoten0110\Global\CustomInput.cs(149,34): warning CS0649: Field 'CustomInput.BinaryInput.m_negative' is never assigned to, and will always have its default value null
48: Assets\Zoten0110\Level Run\Player\Tools\Recyclaton.cs(16,24): warning CS0649: Field 'Recyclaton.m_collider' is never assigned to, and will always have its default value null
49: Assets\Zoten0110\Level Run\Obstacle\Disease\Disease_Respiratory.cs(12,19): warning CS0649: Field 'Disease_Respiratory.m_maxBlur' is never assigned to, and will always have its default value 0
50: Assets\Zoten0110\Level Run\Obstacle\Disease\Disease_Nausea.cs(14,19): warning CS0649: Field 'Disease_Nausea.m_speed' is never assigned to, and will always have its default value 0
51: Assets\Zoten0110\Level Run\Obstacle\Disease\Disease_Tetanus.cs(10,28): warning CS0649: Field 'Disease_Tetanus.m_toolController' is never assigned to, and will always have its default value null
52: Assets\BetaPlayer12\Database\ItemDatabase.cs(14,28): warning CS0649: Field 'ItemDatabase.ItemEntry.m_item' is never assigned to, and will always have its default value null
53: Assets\Zoten0110\Global\CustomInput.cs(147,34): warning CS0649: Field 'CustomInput.BinaryInput.m_positive' is never assigned to, and will always have its default value null
54: Assets\Zoten0110\Level Run\Platform Pattern\Platform_Generator.cs(16,23): warning CS0649: Field 'Platform_Generator.m_parent' is never assigned to, and will always have its default value null
55: Assets\Zoten0110\Global\Database\TrashDatabase.cs(13,28): warning CS0649: Field 'TrashDatabase.TrashEntry.m_trash' is never assigned to, and will always have its default value null
56: Assets\Zoten0110\Level Run\Player\Tools\SoilCannon.cs(13,19): warning CS0649: Field 'SoilCannon.m_fireRate' is never assigned to, and will always have its default value 0
57: Assets\Zoten0110\Level Run\Obstacle\Disease\Disease_Tetanus.cs(8,30): warning CS0649: Field 'Disease_Tetanus.m_playerController' is never assigned to, and will always have its default value null
58: Assets\Zoten0110\Level Run\Player\PlayerController.cs(19,19): warning CS0649: Field 'PlayerController.m_jumpForce' is never assigned to, and will always have its default value 0
59: Assets\Zoten0110\Global\CustomInput.cs(199,36): warning CS0649: Field 'CustomInput.MultiInput.m_HoldKeys' is never assigned to, and will always have its default value null
60: Assets\Zoten0110\Global\CustomInput.cs(197,34): warning CS0649: Field 'CustomInput.MultiInput.m_executionKey' is never assigned to, and will always have its default value null
61: Assets\BetaPlayer12\Database\DatabaseSystem.cs(29,30): warning CS0649: Field 'DatabaseSystem.m_obstacleDatabase' is never assigned to, and will always have its default value null
62: Assets\Zoten0110\Level Run\Player\Tools\Grabber.cs(18,19): warning CS0649: Field 'Grabber.m_maxRange' is never assigned to, and will always have its default value 0
63: Assets\BetaPlayer12\Database\SpriteDatabase.cs(11,24): warning CS0649: Field 'SpriteDatabase.SpriteEntry.m_sprite' is never assigned to, and will always have its default value null
64: Assets\Zoten0110\Level Run\Obstacle\Disease\Disease_Respiratory.cs(9,27): warning CS0649: Field 'Disease_Respiratory.m_blur' is never assigned to, and will always have its default value null
65: Assets\Zoten0110\Global\Database\ObstacleDatabase.cs(38,18): warning CS0414: The field 'ObstacleDatabase.m_overrideEntityInstantiated' is assigned but its value is never used
66: Assets\Zoten0110\Global\Database\TrashDatabase.cs(38,24): warning CS0414: The field 'TrashDatabase.m_overrideTrash' is assigned but its value is never used
67: Assets\Zoten0110\Level Run\Player\PlayerHealth.cs(21,18): warning CS0414: The field 'PlayerHealth.m_dead' is assigned but its value is never used
68: Assets\BetaPlayer12\Database\SpriteDatabase.cs(29,20): warning CS0414: The field 'SpriteDatabase.m_overrideSprite' is assigned but its value is never used
69: Assets\BetaPlayer12\Database\ItemDatabase.cs(32,24): warning CS0414: The field 'ItemDatabase.m_overrideItem' is assigned but its value is never used
70: Assets\Zoten0110\Level Run\Player\Tools\Grabber.cs(23,18): warning CS0414: The field 'Grabber.m_isJammed' is assigned but its value is never used
71: Assets\Zoten0110\Global\Database\ObstacleDatabase.cs(36,24): warning CS0414: The field 'ObstacleDatabase.m_overrideObstacle' is assigned but its value is never used

- PDB to MDB conversion --------------------------------------

Process: C:\Users\ayansumm\Documents\Purgada\CSharp60Support\Roslyn\pdb2mdb.exe
Arguments: Temp\Assembly-CSharp.dll
Exit code: 0
Elapsed time: 0.12 sec

- pdb2mdb.exe output (0 lines):
********************************************************************************
*                       Sunday, May 07, 2017 12:46:58 PM                       *
********************************************************************************
CSharpCompilerWrapper.exe version: 2.0.3.30
Platform: Windows
Target assembly: Assembly-CSharp-Editor.dll
Project directory: C:\Users\ayansumm\Documents\Purgada
Target profile directory: C:\Program Files\Unity\Editor\Data\MonoBleedingEdge\lib\mono\2.0-api
Unity 'Data' or 'Frameworks' directory: C:/Program Files/Unity/Editor/Data
Compiler: Microsoft C# 6.0

- Compilation -----------------------------------------------

Process: C:\Users\ayansumm\Documents\Purgada\CSharp60Support\Roslyn\csc.exe
Arguments: -nostdlib+ -noconfig -nologo -r:"C:\Program Files\Unity\Editor\Data\MonoBleedingEdge\lib\mono\2.0-api\mscorlib.dll" -r:"C:\Program Files\Unity\Editor\Data\MonoBleedingEdge\lib\mono\2.0-api\System.dll" -r:"C:\Program Files\Unity\Editor\Data\MonoBleedingEdge\lib\mono\2.0-api\System.Core.dll" -r:"C:\Program Files\Unity\Editor\Data\MonoBleedingEdge\lib\mono\2.0-api\System.Xml.dll" @Temp/UnityTempFile-0a784818abd5b684491d30d86519edd1 
Exit code: 0
Elapsed time: 2.70 sec

- Compiler output (0 lines):

- Compiler errors (7 lines):
0: Assets\Editor\ImageEffects\BloomEditor.cs(88,60): warning CS0618: 'Camera.hdr' is obsolete: 'use Camera.allowHDR instead.'
1: Assets\Editor\ImageEffects\TonemappingEditor.cs(45,22): warning CS0618: 'Camera.hdr' is obsolete: 'use Camera.allowHDR instead.'
2: Assets\Editor\ImageEffects\BloomAndFlaresEditor.cs(80,60): warning CS0618: 'Camera.hdr' is obsolete: 'use Camera.allowHDR instead.'
3: Assets\Editor\ImageEffects\ColorCorrectionLookupEditor.cs(54,58): warning CS0618: 'TextureImporterFormat.AutomaticTruecolor' is obsolete: 'Use textureCompression property instead'
4: Assets\Editor\ImageEffects\ColorCorrectionLookupEditor.cs(54,25): warning CS0618: 'TextureImporter.textureFormat' is obsolete: 'textureFormat is not longer accessible at the TextureImporter level. For old 'simple' formats use the textureCompression property for the equivalent automatic choice (Uncompressed for TrueColor, Compressed and HQCommpressed for 16 bits). For platform specific formats use the [[PlatformTextureSettings]] API. Using this setter will setup various parameters to match the new automatic system as well possible. Getter will return the last value set.'
5: Assets\Editor\ImageEffects\ColorCorrectionLookupEditor.cs(62,25): warning CS0618: 'TextureImporter.textureFormat' is obsolete: 'textureFormat is not longer accessible at the TextureImporter level. For old 'simple' formats use the textureCompression property for the equivalent automatic choice (Uncompressed for TrueColor, Compressed and HQCommpressed for 16 bits). For platform specific formats use the [[PlatformTextureSettings]] API. Using this setter will setup various parameters to match the new automatic system as well possible. Getter will return the last value set.'
6: Assets\Editor\ImageEffects\ColorCorrectionLookupEditor.cs(62,57): warning CS0618: 'TextureImporterFormat.AutomaticTruecolor' is obsolete: 'Use textureCompression property instead'

- PDB to MDB conversion --------------------------------------

Process: C:\Users\ayansumm\Documents\Purgada\CSharp60Support\Roslyn\pdb2mdb.exe
Arguments: Temp\Assembly-CSharp-Editor.dll
Exit code: 0
Elapsed time: 0.12 sec

- pdb2mdb.exe output (0 lines):
********************************************************************************
*                       Sunday, May 07, 2017 12:48:51 PM                       *
********************************************************************************
CSharpCompilerWrapper.exe version: 2.0.3.30
Platform: Windows
Target assembly: Assembly-CSharp-Editor.dll
Project directory: C:\Users\ayansumm\Documents\Purgada
Target profile directory: C:\Program Files\Unity\Editor\Data\MonoBleedingEdge\lib\mono\2.0-api
Unity 'Data' or 'Frameworks' directory: C:/Program Files/Unity/Editor/Data
Compiler: Microsoft C# 6.0

- Compilation -----------------------------------------------

Process: C:\Users\ayansumm\Documents\Purgada\CSharp60Support\Roslyn\csc.exe
Arguments: -nostdlib+ -noconfig -nologo -r:"C:\Program Files\Unity\Editor\Data\MonoBleedingEdge\lib\mono\2.0-api\mscorlib.dll" -r:"C:\Program Files\Unity\Editor\Data\MonoBleedingEdge\lib\mono\2.0-api\System.dll" -r:"C:\Program Files\Unity\Editor\Data\MonoBleedingEdge\lib\mono\2.0-api\System.Core.dll" -r:"C:\Program Files\Unity\Editor\Data\MonoBleedingEdge\lib\mono\2.0-api\System.Xml.dll" @Temp/UnityTempFile-767222527a0e01c40bb3485219dd9d54 
Exit code: 0
Elapsed time: 2.55 sec

- Compiler output (0 lines):

- Compiler errors (7 lines):
0: Assets\Editor\ImageEffects\BloomEditor.cs(88,60): warning CS0618: 'Camera.hdr' is obsolete: 'use Camera.allowHDR instead.'
1: Assets\Editor\ImageEffects\BloomAndFlaresEditor.cs(80,60): warning CS0618: 'Camera.hdr' is obsolete: 'use Camera.allowHDR instead.'
2: Assets\Editor\ImageEffects\TonemappingEditor.cs(45,22): warning CS0618: 'Camera.hdr' is obsolete: 'use Camera.allowHDR instead.'
3: Assets\Editor\ImageEffects\ColorCorrectionLookupEditor.cs(54,58): warning CS0618: 'TextureImporterFormat.AutomaticTruecolor' is obsolete: 'Use textureCompression property instead'
4: Assets\Editor\ImageEffects\ColorCorrectionLookupEditor.cs(54,25): warning CS0618: 'TextureImporter.textureFormat' is obsolete: 'textureFormat is not longer accessible at the TextureImporter level. For old 'simple' formats use the textureCompression property for the equivalent automatic choice (Uncompressed for TrueColor, Compressed and HQCommpressed for 16 bits). For platform specific formats use the [[PlatformTextureSettings]] API. Using this setter will setup various parameters to match the new automatic system as well possible. Getter will return the last value set.'
5: Assets\Editor\ImageEffects\ColorCorrectionLookupEditor.cs(62,25): warning CS0618: 'TextureImporter.textureFormat' is obsolete: 'textureFormat is not longer accessible at the TextureImporter level. For old 'simple' formats use the textureCompression property for the equivalent automatic choice (Uncompressed for TrueColor, Compressed and HQCommpressed for 16 bits). For platform specific formats use the [[PlatformTextureSettings]] API. Using this setter will setup various parameters to match the new automatic system as well possible. Getter will return the last value set.'
6: Assets\Editor\ImageEffects\ColorCorrectionLookupEditor.cs(62,57): warning CS0618: 'TextureImporterFormat.AutomaticTruecolor' is obsolete: 'Use textureCompression property instead'

- PDB to MDB conversion --------------------------------------

Process: C:\Users\ayansumm\Documents\Purgada\CSharp60Support\Roslyn\pdb2mdb.exe
Arguments: Temp\Assembly-CSharp-Editor.dll
Exit code: 0
Elapsed time: 0.13 sec

- pdb2mdb.exe output (0 lines):
********************************************************************************
*                       Sunday, May 07, 2017 12:49:55 PM                       *
********************************************************************************
CSharpCompilerWrapper.exe version: 2.0.3.30
Platform: Windows
Target assembly: Assembly-CSharp.dll
Project directory: C:\Users\ayansumm\Documents\Purgada
Target profile directory: C:\Program Files\Unity\Editor\Data\Mono\lib\mono\unity
Unity 'Data' or 'Frameworks' directory: C:/Program Files/Unity/Editor/Data
Compiler: Microsoft C# 6.0

- Compilation -----------------------------------------------

Process: C:\Users\ayansumm\Documents\Purgada\CSharp60Support\Roslyn\csc.exe
Arguments: -nostdlib+ -noconfig -nologo -r:"C:\Program Files\Unity\Editor\Data\Mono\lib\mono\unity\mscorlib.dll" -r:"C:\Program Files\Unity\Editor\Data\Mono\lib\mono\unity\System.dll" -r:"C:\Program Files\Unity\Editor\Data\Mono\lib\mono\unity\System.Core.dll" -r:"C:\Program Files\Unity\Editor\Data\Mono\lib\mono\unity\System.Xml.dll" @Temp/UnityTempFile-ab71e84aab0838c40a0a74ddb82b409f 
Exit code: 0
Elapsed time: 2.80 sec

- Compiler output (0 lines):

- Compiler errors (72 lines):
0: Assets\Zoten0110\Global\Database\TrashDatabase.cs(13,28): warning CS0649: Field 'TrashDatabase.TrashEntry.m_trash' is never assigned to, and will always have its default value null
1: Assets\BetaPlayer12\Timer\TimerFactory.cs(9,28): warning CS0649: Field 'TimerFactory.m_iconDatabase' is never assigned to, and will always have its default value null
2: Assets\Zoten0110\Utilities\SpriteStabilizer.cs(14,21): warning CS0649: Field 'SpriteStabilizer.m_screenReference' is never assigned to, and will always have its default value
3: Assets\BetaPlayer12\Database\DatabaseSystem.cs(29,30): warning CS0649: Field 'DatabaseSystem.m_obstacleDatabase' is never assigned to, and will always have its default value null
4: Assets\BetaPlayer12\Timer\TimerFactory.cs(19,17): warning CS0649: Field 'TimerFactory.m_maxColumn' is never assigned to, and will always have its default value 0
5: Assets\Zoten0110\Level Run\Obstacle\Disease\Disease_Respiratory.cs(16,19): warning CS0649: Field 'Disease_Respiratory.m_speed' is never assigned to, and will always have its default value 0
6: Assets\Zoten0110\Global\Database\ObstacleDatabase.cs(12,28): warning CS0649: Field 'ObstacleDatabase.ObstacleEntry.m_obstacle' is never assigned to, and will always have its default value null
7: Assets\Zoten0110\Global\CustomInput.cs(199,36): warning CS0649: Field 'CustomInput.MultiInput.m_HoldKeys' is never assigned to, and will always have its default value null
8: Assets\Zoten0110\Level Run\Player\Tools\Recyclaton.cs(10,29): warning CS0649: Field 'Recyclaton.m_range' is never assigned to, and will always have its default value null
9: Assets\Zoten0110\Main Menu\SceneManagerMainMenu.cs(16,36): warning CS0649: Field 'SceneManagerMainMenu.m_backgroundSelect' is never assigned to, and will always have its default value null
10: Assets\Zoten0110\Global\Database\ObstacleDatabase.cs(14,22): warning CS0649: Field 'ObstacleDatabase.ObstacleEntry.m_entityInstantiated' is never assigned to, and will always have its default value false
11: Assets\Zoten0110\Global\GameManager.cs(25,32): warning CS0649: Field 'GameManager.m_globalGameSettings' is never assigned to, and will always have its default value null
12: Assets\Zoten0110\Main Menu\SceneManagerMainMenu.cs(12,24): warning CS0649: Field 'SceneManagerMainMenu.m_hiddenPanel' is never assigned to, and will always have its default value null
13: Assets\Zoten0110\Level Run\Obstacle\Disease\Disease_Tetanus.cs(8,30): warning CS0649: Field 'Disease_Tetanus.m_playerController' is never assigned to, and will always have its default value null
14: Assets\Zoten0110\Level Run\Obstacle\Disease\DiseaseHandler.cs(27,28): warning CS0649: Field 'DiseaseHandler.m_nausea' is never assigned to, and will always have its default value null
15: Assets\BetaPlayer12\Database\DatabaseSystem.cs(27,27): warning CS0649: Field 'DatabaseSystem.m_trashDatabase' is never assigned to, and will always have its default value null
16: Assets\BetaPlayer12\Timer\Timer.cs(12,18): warning CS0649: Field 'Timer.m_deactivateOnly' is never assigned to, and will always have its default value false
17: Assets\Zoten0110\Global\GameManager.cs(22,23): warning CS0649: Field 'GameManager.m_systemList' is never assigned to, and will always have its default value null
18: Assets\BetaPlayer12\Database\ItemDatabase.cs(14,28): warning CS0649: Field 'ItemDatabase.ItemEntry.m_item' is never assigned to, and will always have its default value null
19: Assets\Zoten0110\Level Run\Obstacle\Obstacle.cs(8,25): warning CS0649: Field 'Obstacle.m_inflictDisease' is never assigned to, and will always have its default value
20: Assets\Zoten0110\Level Run\Player\Tools\SoilCannon.cs(9,24): warning CS0649: Field 'SoilCannon.m_projectile' is never assigned to, and will always have its default value null
21: Assets\Zoten0110\Level Run\Player\Tools\Grabber.cs(18,19): warning CS0649: Field 'Grabber.m_maxRange' is never assigned to, and will always have its default value 0
22: Assets\Zoten0110\Level Run\Obstacle\Disease\DiseaseHandler.cs(31,29): warning CS0649: Field 'DiseaseHandler.m_tetanus' is never assigned to, and will always have its default value null
23: Assets\Zoten0110\Global\GameManager.cs(12,19): warning CS0649: Field 'GlobalGameSettings.m_disposeFailDamage' is never assigned to, and will always have its default value 0
24: Assets\Zoten0110\Level Run\Player\Tools\Recyclaton.cs(12,19): warning CS0649: Field 'Recyclaton.m_maxForce' is never assigned to, and will always have its default value 0
25: Assets\BetaPlayer12\Timer\TimerFactory.cs(17,19): warning CS0649: Field 'TimerFactory.m_Yspacing' is never assigned to, and will always have its default value 0
26: Assets\Zoten0110\Level Run\Player\Tools\Grabber.cs(20,19): warning CS0649: Field 'Grabber.m_speed' is never assigned to, and will always have its default value 0
27: Assets\BetaPlayer12\Database\SpriteDatabase.cs(11,24): warning CS0649: Field 'SpriteDatabase.SpriteEntry.m_sprite' is never assigned to, and will always have its default value null
28: Assets\Zoten0110\Level Run\Player\Tools\SoilCannon.cs(13,19): warning CS0649: Field 'SoilCannon.m_fireRate' is never assigned to, and will always have its default value 0
29: Assets\Zoten0110\Level Run\Player\Tools\Recyclaton.cs(16,24): warning CS0649: Field 'Recyclaton.m_collider' is never assigned to, and will always have its default value null
30: Assets\Zoten0110\Global\CustomInput.cs(149,34): warning CS0649: Field 'CustomInput.BinaryInput.m_negative' is never assigned to, and will always have its default value null
31: Assets\Zoten0110\Global\CustomInput.cs(147,34): warning CS0649: Field 'CustomInput.BinaryInput.m_positive' is never assigned to, and will always have its default value null
32: Assets\Zoten0110\Level Run\Obstacle\Disease\Disease_Respiratory.cs(12,19): warning CS0649: Field 'Disease_Respiratory.m_maxBlur' is never assigned to, and will always have its default value 0
33: Assets\Zoten0110\Level Run\Obstacle\Disease\Disease_Tetanus.cs(10,28): warning CS0649: Field 'Disease_Tetanus.m_toolController' is never assigned to, and will always have its default value null
34: Assets\Zoten0110\Global\CustomInput.cs(20,26): warning CS0649: Field 'CustomInput.InputComponent.m_inputName' is never assigned to, and will always have its default value null
35: Assets\Zoten0110\Level Run\Player\PlayerController.cs(19,19): warning CS0649: Field 'PlayerController.m_jumpForce' is never assigned to, and will always have its default value 0
36: Assets\Zoten0110\Level Run\Player\PlayerHealth.cs(16,19): warning CS0649: Field 'PlayerHealth.m_maxHealth' is never assigned to, and will always have its default value 0
37: Assets\Zoten0110\Level Run\Obstacle\Disease\Disease_Nausea.cs(10,27): warning CS0649: Field 'Disease_Nausea.m_jitter' is never assigned to, and will always have its default value null
38: Assets\Zoten0110\Level Run\Player\Tools\Grabber.cs(16,29): warning CS0649: Field 'Grabber.m_clawArm' is never assigned to, and will always have its default value null
39: Assets\BetaPlayer12\Timer\TimerFactory.cs(15,19): warning CS0649: Field 'TimerFactory.m_Xspacing' is never assigned to, and will always have its default value 0
40: Assets\Zoten0110\Level Run\Player\Tools\Grabber.cs(25,19): warning CS0649: Field 'Grabber.m_jammedTime' is never assigned to, and will always have its default value 0
41: Assets\Zoten0110\Level Run\Player\Tools\SoilCannon.cs(11,23): warning CS0649: Field 'SoilCannon.m_barrelEnd' is never assigned to, and will always have its default value null
42: Assets\Zoten0110\Level Run\Obstacle\Disease\Disease_Nausea.cs(12,21): warning CS0649: Field 'Disease_Nausea.m_jitterRange' is never assigned to, and will always have its default value
43: Assets\Zoten0110\Level Run\Player\Tools\Grabber_ClawArm.cs(8,21): warning CS0649: Field 'Grabber_ClawArm.m_grabber' is never assigned to, and will always have its default value null
44: Assets\Zoten0110\Level Run\Player\Tools\SoilCannon.cs(15,19): warning CS0649: Field 'SoilCannon.m_force' is never assigned to, and will always have its default value 0
45: Assets\Zoten0110\Level Run\Platform Pattern\Platform_Generator.cs(18,24): warning CS0649: Field 'Platform_Generator.m_platform' is never assigned to, and will always have its default value null
46: Assets\BetaPlayer12\Timer\TimerFactory.cs(11,24): warning CS0649: Field 'TimerFactory.m_timerPrefab' is never assigned to, and will always have its default value null
47: Assets\Zoten0110\Level Run\Obstacle\Disease\Disease_Respiratory.cs(9,27): warning CS0649: Field 'Disease_Respiratory.m_blur' is never assigned to, and will always have its default value null
48: Assets\Zoten0110\Level Run\Player\ToolController.cs(18,20): warning CS0649: Field 'ToolController.m_tools' is never assigned to, and will always have its default value null
49: Assets\Zoten0110\Global\GameManager.cs(10,19): warning CS0649: Field 'GlobalGameSettings.m_trashMissDamage' is never assigned to, and will always have its default value 0
50: Assets\Zoten0110\Level Run\Player\PlayerController.cs(15,24): warning CS0649: Field 'PlayerController.m_legCollider' is never assigned to, and will always have its default value null
51: Assets\Zoten0110\Level Run\Obstacle\Disease\Disease_Nausea.cs(14,19): warning CS0649: Field 'Disease_Nausea.m_speed' is never assigned to, and will always have its default value 0
52: Assets\Zoten0110\Level Run\Platform Pattern\Platform_Generator.cs(16,23): warning CS0649: Field 'Platform_Generator.m_parent' is never assigned to, and will always have its default value null
53: Assets\Zoten0110\Global\Cursor.cs(9,27): warning CS0649: Field 'Cursor.m_jitterScript' is never assigned to, and will always have its default value null
54: Assets\Zoten0110\Level Run\Player\Tools\PlayerTool.cs(11,20): warning CS0649: Field 'PlayerTool.m_tools' is never assigned to, and will always have its default value null
55: Assets\Zoten0110\Level Run\Obstacle\Disease\Disease_Respiratory.cs(14,19): warning CS0649: Field 'Disease_Respiratory.m_minBlur' is never assigned to, and will always have its default value 0
56: Assets\Zoten0110\Global\CustomInput.cs(197,34): warning CS0649: Field 'CustomInput.MultiInput.m_executionKey' is never assigned to, and will always have its default value null
57: Assets\Zoten0110\Main Menu\SceneManagerMainMenu.cs(14,24): warning CS0649: Field 'SceneManagerMainMenu.m_shop' is never assigned to, and will always have its default value null
58: Assets\Zoten0110\Level Run\Player\Tools\Recyclaton.cs(14,19): warning CS0649: Field 'Recyclaton.m_speed' is never assigned to, and will always have its default value 0
59: Assets\Zoten0110\Global\CustomInput.cs(32,24): warning CS0649: Field 'CustomInput.InputInterpreter.m_input' is never assigned to, and will always have its default value null
60: Assets\BetaPlayer12\Timer\TimerViewer.cs(12,18): warning CS0649: Field 'TimerViewer.m_inverted' is never assigned to, and will always have its default value false
61: Assets\Zoten0110\Level Run\UI\GameSummary.cs(9,24): warning CS0649: Field 'GameSummary.m_window' is never assigned to, and will always have its default value null
62: Assets\Zoten0110\Level Run\Obstacle\Disease\DiseaseHandler.cs(29,33): warning CS0649: Field 'DiseaseHandler.m_respiratory' is never assigned to, and will always have its default value null
63: Assets\Zoten0110\Global\CustomInput.cs(121,34): warning CS0649: Field 'CustomInput.MonoInput.m_key' is never assigned to, and will always have its default value null
64: Assets\Zoten0110\Global\Database\TrashDatabase.cs(15,28): warning CS0649: Field 'TrashDatabase.TrashEntry.m_type' is never assigned to, and will always have its default value
65: Assets\BetaPlayer12\Database\ItemDatabase.cs(32,24): warning CS0414: The field 'ItemDatabase.m_overrideItem' is assigned but its value is never used
66: Assets\Zoten0110\Level Run\Player\Tools\Grabber.cs(23,18): warning CS0414: The field 'Grabber.m_isJammed' is assigned but its value is never used
67: Assets\Zoten0110\Global\Database\ObstacleDatabase.cs(36,24): warning CS0414: The field 'ObstacleDatabase.m_overrideObstacle' is assigned but its value is never used
68: Assets\Zoten0110\Level Run\Player\PlayerHealth.cs(21,18): warning CS0414: The field 'PlayerHealth.m_dead' is assigned but its value is never used
69: Assets\BetaPlayer12\Database\SpriteDatabase.cs(29,20): warning CS0414: The field 'SpriteDatabase.m_overrideSprite' is assigned but its value is never used
70: Assets\Zoten0110\Global\Database\ObstacleDatabase.cs(38,18): warning CS0414: The field 'ObstacleDatabase.m_overrideEntityInstantiated' is assigned but its value is never used
71: Assets\Zoten0110\Global\Database\TrashDatabase.cs(38,24): warning CS0414: The field 'TrashDatabase.m_overrideTrash' is assigned but its value is never used

- PDB to MDB conversion --------------------------------------

Process: C:\Users\ayansumm\Documents\Purgada\CSharp60Support\Roslyn\pdb2mdb.exe
Arguments: Temp\Assembly-CSharp.dll
Exit code: 0
Elapsed time: 0.12 sec

- pdb2mdb.exe output (0 lines):
********************************************************************************
*                       Sunday, May 07, 2017 12:49:59 PM                       *
********************************************************************************
CSharpCompilerWrapper.exe version: 2.0.3.30
Platform: Windows
Target assembly: Assembly-CSharp-Editor.dll
Project directory: C:\Users\ayansumm\Documents\Purgada
Target profile directory: C:\Program Files\Unity\Editor\Data\MonoBleedingEdge\lib\mono\2.0-api
Unity 'Data' or 'Frameworks' directory: C:/Program Files/Unity/Editor/Data
Compiler: Microsoft C# 6.0

- Compilation -----------------------------------------------

Process: C:\Users\ayansumm\Documents\Purgada\CSharp60Support\Roslyn\csc.exe
Arguments: -nostdlib+ -noconfig -nologo -r:"C:\Program Files\Unity\Editor\Data\MonoBleedingEdge\lib\mono\2.0-api\mscorlib.dll" -r:"C:\Program Files\Unity\Editor\Data\MonoBleedingEdge\lib\mono\2.0-api\System.dll" -r:"C:\Program Files\Unity\Editor\Data\MonoBleedingEdge\lib\mono\2.0-api\System.Core.dll" -r:"C:\Program Files\Unity\Editor\Data\MonoBleedingEdge\lib\mono\2.0-api\System.Xml.dll" @Temp/UnityTempFile-14fffce67c40f6646b9df981f9d7e292 
Exit code: 0
Elapsed time: 2.55 sec

- Compiler output (0 lines):

- Compiler errors (7 lines):
0: Assets\Editor\ImageEffects\BloomEditor.cs(88,60): warning CS0618: 'Camera.hdr' is obsolete: 'use Camera.allowHDR instead.'
1: Assets\Editor\ImageEffects\BloomAndFlaresEditor.cs(80,60): warning CS0618: 'Camera.hdr' is obsolete: 'use Camera.allowHDR instead.'
2: Assets\Editor\ImageEffects\TonemappingEditor.cs(45,22): warning CS0618: 'Camera.hdr' is obsolete: 'use Camera.allowHDR instead.'
3: Assets\Editor\ImageEffects\ColorCorrectionLookupEditor.cs(54,58): warning CS0618: 'TextureImporterFormat.AutomaticTruecolor' is obsolete: 'Use textureCompression property instead'
4: Assets\Editor\ImageEffects\ColorCorrectionLookupEditor.cs(54,25): warning CS0618: 'TextureImporter.textureFormat' is obsolete: 'textureFormat is not longer accessible at the TextureImporter level. For old 'simple' formats use the textureCompression property for the equivalent automatic choice (Uncompressed for TrueColor, Compressed and HQCommpressed for 16 bits). For platform specific formats use the [[PlatformTextureSettings]] API. Using this setter will setup various parameters to match the new automatic system as well possible. Getter will return the last value set.'
5: Assets\Editor\ImageEffects\ColorCorrectionLookupEditor.cs(62,25): warning CS0618: 'TextureImporter.textureFormat' is obsolete: 'textureFormat is not longer accessible at the TextureImporter level. For old 'simple' formats use the textureCompression property for the equivalent automatic choice (Uncompressed for TrueColor, Compressed and HQCommpressed for 16 bits). For platform specific formats use the [[PlatformTextureSettings]] API. Using this setter will setup various parameters to match the new automatic system as well possible. Getter will return the last value set.'
6: Assets\Editor\ImageEffects\ColorCorrectionLookupEditor.cs(62,57): warning CS0618: 'TextureImporterFormat.AutomaticTruecolor' is obsolete: 'Use textureCompression property instead'

- PDB to MDB conversion --------------------------------------

Process: C:\Users\ayansumm\Documents\Purgada\CSharp60Support\Roslyn\pdb2mdb.exe
Arguments: Temp\Assembly-CSharp-Editor.dll
Exit code: 0
Elapsed time: 0.14 sec

- pdb2mdb.exe output (0 lines):
